[     956ms] [INFO] %cDownload the React DevTools for a better development experience: https://react.dev/link/react-devtools font-weight:bold @ webpack-internal:///(app-pages-browser)/./node_modules/next/dist/compiled/react-dom/cjs/react-dom-client.development.js:25630
[  300910ms] [LOG] [Fast Refresh] rebuilding @ webpack-internal:///(app-pages-browser)/./node_modules/next/dist/client/dev/hot-reloader/app/hot-reloader-app.js:196
[  319926ms] [ERROR] Failed to load resource: net::ERR_NAME_NOT_RESOLVED @ https://pygldassonabcdukctsx.supabase.co/rest/v1/leads?select=*&order=created_at.desc:0
[  319928ms] [ERROR] Supabase error details: {message: TypeError: Failed to fetch, details: TypeError: Failed to fetch
    at eval (webpack-in…app-pages-browser)/./src/hooks/useLeads.ts:46:53), hint: , code: } @ webpack-internal:///(app-pages-browser)/./node_modules/next/dist/next-devtools/userspace/app/errors/intercept-console-error.js:56
[  319933ms] [ERROR] Error fetching leads: TypeError: Failed to fetch @ webpack-internal:///(app-pages-browser)/./node_modules/next/dist/next-devtools/userspace/app/errors/intercept-console-error.js:56
[  319933ms] [ERROR] Failed to load resource: net::ERR_NAME_NOT_RESOLVED @ https://pygldassonabcdukctsx.supabase.co/rest/v1/leads?select=*&order=created_at.desc:0
[  319934ms] [ERROR] Supabase error details: {message: TypeError: Failed to fetch, details: TypeError: Failed to fetch
    at eval (webpack-in…app-pages-browser)/./src/hooks/useLeads.ts:46:53), hint: , code: } @ webpack-internal:///(app-pages-browser)/./node_modules/next/dist/next-devtools/userspace/app/errors/intercept-console-error.js:56
[  319934ms] [ERROR] Error fetching leads: TypeError: Failed to fetch @ webpack-internal:///(app-pages-browser)/./node_modules/next/dist/next-devtools/userspace/app/errors/intercept-console-error.js:56
[  320012ms] [ERROR] Failed to load resource: the server responded with a status of 404 (Not Found) @ http://localhost:3000/_next/static/webpack/e345148f1c4d3151.webpack.hot-update.json:0
[  328799ms] [INFO] %cDownload the React DevTools for a better development experience: https://react.dev/link/react-devtools font-weight:bold @ webpack-internal:///(app-pages-browser)/./node_modules/next/dist/compiled/react-dom/cjs/react-dom-client.development.js:25630
[  329213ms] [ERROR] WebSocket connection to 'wss://pygldassonabcdukctsx.supabase.co/realtime/v1/websocket?apikey=eyJhbGciOiJIUzI1NiIsInR5cCI6IkpXVCJ9.eyJpc3MiOiJzdXBhYmFzZSIsInJlZiI6InB5Z2xkYXNzb25hYmNkdWtjdHNxIiwicm9sZSI6ImFub24iLCJpYXQiOjE3ODAxNzk1MjEsImV4cCI6MjA5NTc1NTUyMX0.E8RgQ9VukQ7XbL5EmKRjsu2yV6pFzgsB2munlvMVdSY&vsn=1.0.0' failed: Error in connection establishment: net::ERR_NAME_NOT_RESOLVED @ webpack-internal:///(app-pages-browser)/./node_modules/@supabase/realtime-js/dist/module/lib/websocket-factory.js:108
[  329257ms] [ERROR] Failed to load resource: net::ERR_NAME_NOT_RESOLVED @ https://pygldassonabcdukctsx.supabase.co/rest/v1/leads?select=*&order=created_at.desc:0
[  329259ms] [ERROR] Supabase error details: {message: TypeError: Failed to fetch, details: TypeError: Failed to fetch
    at eval (webpack-in…app-pages-browser)/./src/hooks/useLeads.ts:46:53), hint: , code: } @ webpack-internal:///(app-pages-browser)/./node_modules/next/dist/next-devtools/userspace/app/errors/intercept-console-error.js:56
[  329260ms] [ERROR] Error fetching leads: TypeError: Failed to fetch @ webpack-internal:///(app-pages-browser)/./node_modules/next/dist/next-devtools/userspace/app/errors/intercept-console-error.js:56
[  329261ms] [ERROR] Failed to load resource: net::ERR_NAME_NOT_RESOLVED @ https://pygldassonabcdukctsx.supabase.co/rest/v1/leads?select=*&order=created_at.desc:0
[  329262ms] [ERROR] Supabase error details: {message: TypeError: Failed to fetch, details: TypeError: Failed to fetch
    at eval (webpack-in…app-pages-browser)/./src/hooks/useLeads.ts:46:53), hint: , code: } @ webpack-internal:///(app-pages-browser)/./node_modules/next/dist/next-devtools/userspace/app/errors/intercept-console-error.js:56
[  329262ms] [ERROR] Error fetching leads: TypeError: Failed to fetch @ webpack-internal:///(app-pages-browser)/./node_modules/next/dist/next-devtools/userspace/app/errors/intercept-console-error.js:56
[  330248ms] [ERROR] WebSocket connection to 'wss://pygldassonabcdukctsx.supabase.co/realtime/v1/websocket?apikey=eyJhbGciOiJIUzI1NiIsInR5cCI6IkpXVCJ9.eyJpc3MiOiJzdXBhYmFzZSIsInJlZiI6InB5Z2xkYXNzb25hYmNkdWtjdHNxIiwicm9sZSI6ImFub24iLCJpYXQiOjE3ODAxNzk1MjEsImV4cCI6MjA5NTc1NTUyMX0.E8RgQ9VukQ7XbL5EmKRjsu2yV6pFzgsB2munlvMVdSY&vsn=1.0.0' failed: Error in connection establishment: net::ERR_NAME_NOT_RESOLVED @ webpack-internal:///(app-pages-browser)/./node_modules/@supabase/realtime-js/dist/module/lib/websocket-factory.js:108
[  332277ms] [ERROR] WebSocket connection to 'wss://pygldassonabcdukctsx.supabase.co/realtime/v1/websocket?apikey=eyJhbGciOiJIUzI1NiIsInR5cCI6IkpXVCJ9.eyJpc3MiOiJzdXBhYmFzZSIsInJlZiI6InB5Z2xkYXNzb25hYmNkdWtjdHNxIiwicm9sZSI6ImFub24iLCJpYXQiOjE3ODAxNzk1MjEsImV4cCI6MjA5NTc1NTUyMX0.E8RgQ9VukQ7XbL5EmKRjsu2yV6pFzgsB2munlvMVdSY&vsn=1.0.0' failed: Error in connection establishment: net::ERR_NAME_NOT_RESOLVED @ webpack-internal:///(app-pages-browser)/./node_modules/@supabase/realtime-js/dist/module/lib/websocket-factory.js:108
[  337381ms] [ERROR] WebSocket connection to 'wss://pygldassonabcdukctsx.supabase.co/realtime/v1/websocket?apikey=eyJhbGciOiJIUzI1NiIsInR5cCI6IkpXVCJ9.eyJpc3MiOiJzdXBhYmFzZSIsInJlZiI6InB5Z2xkYXNzb25hYmNkdWtjdHNxIiwicm9sZSI6ImFub24iLCJpYXQiOjE3ODAxNzk1MjEsImV4cCI6MjA5NTc1NTUyMX0.E8RgQ9VukQ7XbL5EmKRjsu2yV6pFzgsB2munlvMVdSY&vsn=1.0.0' failed: Error in connection establishment: net::ERR_NAME_NOT_RESOLVED @ webpack-internal:///(app-pages-browser)/./node_modules/@supabase/realtime-js/dist/module/lib/websocket-factory.js:108
[  347426ms] [ERROR] WebSocket connection to 'wss://pygldassonabcdukctsx.supabase.co/realtime/v1/websocket?apikey=eyJhbGciOiJIUzI1NiIsInR5cCI6IkpXVCJ9.eyJpc3MiOiJzdXBhYmFzZSIsInJlZiI6InB5Z2xkYXNzb25hYmNkdWtjdHNxIiwicm9sZSI6ImFub24iLCJpYXQiOjE3ODAxNzk1MjEsImV4cCI6MjA5NTc1NTUyMX0.E8RgQ9VukQ7XbL5EmKRjsu2yV6pFzgsB2munlvMVdSY&vsn=1.0.0' failed: Error in connection establishment: net::ERR_NAME_NOT_RESOLVED @ webpack-internal:///(app-pages-browser)/./node_modules/@supabase/realtime-js/dist/module/lib/websocket-factory.js:108
[  357475ms] [ERROR] WebSocket connection to 'wss://pygldassonabcdukctsx.supabase.co/realtime/v1/websocket?apikey=eyJhbGciOiJIUzI1NiIsInR5cCI6IkpXVCJ9.eyJpc3MiOiJzdXBhYmFzZSIsInJlZiI6InB5Z2xkYXNzb25hYmNkdWtjdHNxIiwicm9sZSI6ImFub24iLCJpYXQiOjE3ODAxNzk1MjEsImV4cCI6MjA5NTc1NTUyMX0.E8RgQ9VukQ7XbL5EmKRjsu2yV6pFzgsB2munlvMVdSY&vsn=1.0.0' failed: Error in connection establishment: net::ERR_NAME_NOT_RESOLVED @ webpack-internal:///(app-pages-browser)/./node_modules/@supabase/realtime-js/dist/module/lib/websocket-factory.js:108
[  367515ms] [ERROR] WebSocket connection to 'wss://pygldassonabcdukctsx.supabase.co/realtime/v1/websocket?apikey=eyJhbGciOiJIUzI1NiIsInR5cCI6IkpXVCJ9.eyJpc3MiOiJzdXBhYmFzZSIsInJlZiI6InB5Z2xkYXNzb25hYmNkdWtjdHNxIiwicm9sZSI6ImFub24iLCJpYXQiOjE3ODAxNzk1MjEsImV4cCI6MjA5NTc1NTUyMX0.E8RgQ9VukQ7XbL5EmKRjsu2yV6pFzgsB2munlvMVdSY&vsn=1.0.0' failed: Error in connection establishment: net::ERR_NAME_NOT_RESOLVED @ webpack-internal:///(app-pages-browser)/./node_modules/@supabase/realtime-js/dist/module/lib/websocket-factory.js:108
[  375637ms] [INFO] %cDownload the React DevTools for a better development experience: https://react.dev/link/react-devtools font-weight:bold @ webpack-internal:///(app-pages-browser)/./node_modules/next/dist/compiled/react-dom/cjs/react-dom-client.development.js:25630
[  392779ms] [INFO] %cDownload the React DevTools for a better development experience: https://react.dev/link/react-devtools font-weight:bold @ webpack-internal:///(app-pages-browser)/./node_modules/next/dist/compiled/react-dom/cjs/react-dom-client.development.js:25630
[  423392ms] [INFO] %cDownload the React DevTools for a better development experience: https://react.dev/link/react-devtools font-weight:bold @ webpack-internal:///(app-pages-browser)/./node_modules/next/dist/compiled/react-dom/cjs/react-dom-client.development.js:25630
