[    5840ms] [ERROR] Failed to load resource: the server responded with a status of 404 (Not Found) @ http://localhost:3000/_next/static/chunks/main-app.js?v=1780280618067:0
[    5840ms] [ERROR] Refused to execute script from 'http://localhost:3000/_next/static/chunks/main-app.js?v=1780280618067' because its MIME type ('text/plain') is not executable, and strict MIME type checking is enabled. @ http://localhost:3000/:0
[    5844ms] [ERROR] Failed to load resource: the server responded with a status of 404 (Not Found) @ http://localhost:3000/_next/static/chunks/app-pages-internals.js:0
[    5844ms] [ERROR] Refused to execute script from 'http://localhost:3000/_next/static/chunks/app-pages-internals.js' because its MIME type ('text/plain') is not executable, and strict MIME type checking is enabled. @ http://localhost:3000/:0
[    6166ms] [ERROR] Failed to load resource: the server responded with a status of 404 (Not Found) @ http://localhost:3000/_next/static/chunks/app/(public)/page.js:0
[    6166ms] [ERROR] Refused to execute script from 'http://localhost:3000/_next/static/chunks/app/(public)/page.js' because its MIME type ('text/plain') is not executable, and strict MIME type checking is enabled. @ http://localhost:3000/:631
[   21516ms] [ERROR] Failed to load resource: the server responded with a status of 500 (Internal Server Error) @ http://localhost:3000/resagp:0
[   21925ms] [INFO] %cDownload the React DevTools for a better development experience: https://react.dev/link/react-devtools font-weight:bold @ webpack-internal:///(pages-dir-browser)/./node_modules/react-dom/cjs/react-dom-client.development.js:28004
[   22072ms] Error: Cannot find module './5873.js'
Require stack:
- C:\Users\yassb\Desktop\Mes sites web\SolYB_website\.next\server\webpack-runtime.js
- C:\Users\yassb\Desktop\Mes sites web\SolYB_website\.next\server\app\(public)\page.js
- C:\Users\yassb\Desktop\Mes sites web\SolYB_website\node_modules\next\dist\server\require.js
- C:\Users\yassb\Desktop\Mes sites web\SolYB_website\node_modules\next\dist\server\load-components.js
- C:\Users\yassb\Desktop\Mes sites web\SolYB_website\node_modules\next\dist\build\utils.js
- C:\Users\yassb\Desktop\Mes sites web\SolYB_website\node_modules\next\dist\build\swc\options.js
- C:\Users\yassb\Desktop\Mes sites web\SolYB_website\node_modules\next\dist\build\swc\index.js
- C:\Users\yassb\Desktop\Mes sites web\SolYB_website\node_modules\next\dist\build\next-config-ts\transpile-config.js
- C:\Users\yassb\Desktop\Mes sites web\SolYB_website\node_modules\next\dist\server\config.js
- C:\Users\yassb\Desktop\Mes sites web\SolYB_website\node_modules\next\dist\server\next.js
- C:\Users\yassb\Desktop\Mes sites web\SolYB_website\node_modules\next\dist\server\lib\start-server.js
    at Function.<anonymous> (node:internal/modules/cjs/loader:1383:15)
    at <unknown> (file://C:\Users\yassb\Desktop\Mes sites web\SolYB_website\node_modules\next\dist\server\require-hook.js:57:36)
    at defaultResolveImpl (node:internal/modules/cjs/loader:1025:19)
    at resolveForCJSWithHooks (node:internal/modules/cjs/loader:1030:22)
    at Function._load (node:internal/modules/cjs/loader:1192:37)
    at TracingChannel.traceSync (node:diagnostics_channel:322:14)
    at wrapModuleLoad (node:internal/modules/cjs/loader:237:24)
    at Module.<anonymous> (node:internal/modules/cjs/loader:1463:12)
    at mod.require (file://C:\Users\yassb\Desktop\Mes sites web\SolYB_website\node_modules\next\dist\server\require-hook.js:68:28)
    at require (node:internal/modules/helpers:147:16)
    at __webpack_require__.f.require (file://C:\Users\yassb\Desktop\Mes sites web\SolYB_website\.next\server\webpack-runtime.js:190:28)
    at <unknown> (file://C:\Users\yassb\Desktop\Mes sites web\SolYB_website\.next\server\webpack-runtime.js:103:40)
    at Array.reduce (<anonymous>)
    at __webpack_require__.e (file://C:\Users\yassb\Desktop\Mes sites web\SolYB_website\.next\server\webpack-runtime.js:102:67)
    at Array.map (<anonymous>)
    at __webpack_require__.X (file://C:\Users\yassb\Desktop\Mes sites web\SolYB_website\.next\server\webpack-runtime.js:154:22)
    at <unknown> (file://C:\Users\yassb\Desktop\Mes sites web\SolYB_website\.next\server\app\resagp\page.js:613:8666)
    at Object.<anonymous> (file://C:\Users\yassb\Desktop\Mes sites web\SolYB_website\.next\server\app\resagp\page.js:613:8732)
    at Module._compile (node:internal/modules/cjs/loader:1706:14)
    at Object..js (node:internal/modules/cjs/loader:1839:10)
    at Module.load (node:internal/modules/cjs/loader:1441:32)
    at Function._load (node:internal/modules/cjs/loader:1263:12)
    at TracingChannel.traceSync (node:diagnostics_channel:322:14)
    at wrapModuleLoad (node:internal/modules/cjs/loader:237:24)
    at Module.<anonymous> (node:internal/modules/cjs/loader:1463:12)
    at mod.require (file://C:\Users\yassb\Desktop\Mes sites web\SolYB_website\node_modules\next\dist\server\require-hook.js:68:28)
    at require (node:internal/modules/helpers:147:16)
    at requirePage (file://C:\Users\yassb\Desktop\Mes sites web\SolYB_website\node_modules\next\dist\server\require.js:99:80)
    at loadComponentsImpl (file://C:\Users\yassb\Desktop\Mes sites web\SolYB_website\node_modules\next\dist\server\load-components.js:132:57)
    at async DevServer.findPageComponentsImpl (file://C:\Users\yassb\Desktop\Mes sites web\SolYB_website\node_modules\next\dist\server\next-server.js:899:36)
    at async DevServer.findPageComponents (file://C:\Users\yassb\Desktop\Mes sites web\SolYB_website\node_modules\next\dist\server\dev\next-dev-server.js:705:16)
    at async DevServer.renderPageComponent (file://C:\Users\yassb\Desktop\Mes sites web\SolYB_website\node_modules\next\dist\server\base-server.js:1460:24)
    at async DevServer.renderToResponseImpl (file://C:\Users\yassb\Desktop\Mes sites web\SolYB_website\node_modules\next\dist\server\base-server.js:1514:32)
    at async DevServer.pipeImpl (file://C:\Users\yassb\Desktop\Mes sites web\SolYB_website\node_modules\next\dist\server\base-server.js:1025:25)
    at async NextNodeServer.handleCatchallRenderRequest (file://C:\Users\yassb\Desktop\Mes sites web\SolYB_website\node_modules\next\dist\server\next-server.js:393:17)
    at async DevServer.handleRequestImpl (file://C:\Users\yassb\Desktop\Mes sites web\SolYB_website\node_modules\next\dist\server\base-server.js:916:17)
    at async (file://C:\Users\yassb\Desktop\Mes sites web\SolYB_website\node_modules\next\dist\server\dev\next-dev-server.js:399:20)
    at async Span.traceAsyncFn (file://C:\Users\yassb\Desktop\Mes sites web\SolYB_website\node_modules\next\dist\trace\trace.js:157:20)
    at async DevServer.handleRequest (file://C:\Users\yassb\Desktop\Mes sites web\SolYB_website\node_modules\next\dist\server\dev\next-dev-server.js:395:24)
    at async invokeRender (file://C:\Users\yassb\Desktop\Mes sites web\SolYB_website\node_modules\next\dist\server\lib\router-server.js:240:21)
    at async handleRequest (file://C:\Users\yassb\Desktop\Mes sites web\SolYB_website\node_modules\next\dist\server\lib\router-server.js:437:24)
    at async requestHandlerImpl (file://C:\Users\yassb\Desktop\Mes sites web\SolYB_website\node_modules\next\dist\server\lib\router-server.js:485:13)
    at async Server.requestListener (file://C:\Users\yassb\Desktop\Mes sites web\SolYB_website\node_modules\next\dist\server\lib\start-server.js:226:13)
[   22071ms] [LOG] [HMR] connected @ webpack-internal:///(pages-dir-browser)/./node_modules/next/dist/client/dev/hot-reloader/pages/websocket.js:45
[   22099ms] [ERROR] Failed to load resource: the server responded with a status of 404 (Not Found) @ http://localhost:3000/favicon.ico:0
