[    4150ms] [LOG] [Fast Refresh] rebuilding @ webpack-internal:///(app-pages-browser)/./node_modules/next/dist/client/dev/hot-reloader/app/hot-reloader-app.js:196
[    5935ms] [LOG] [Fast Refresh] done in 1785ms @ webpack-internal:///(app-pages-browser)/./node_modules/next/dist/client/dev/report-hmr-latency.js:13
[    7881ms] [ERROR] Failed to load resource: the server responded with a status of 500 (Internal Server Error) @ http://localhost:3000/:0
[    8315ms] [INFO] %cDownload the React DevTools for a better development experience: https://react.dev/link/react-devtools font-weight:bold @ webpack-internal:///(pages-dir-browser)/./node_modules/react-dom/cjs/react-dom-client.development.js:28004
[    8503ms] TypeError: __webpack_modules__[moduleId] is not a function
    at Object.__webpack_require__ [as require] (file://C:\Users\yassb\Desktop\Mes sites web\SolYB_website\.next\server\webpack-runtime.js:25:42)
    at Object.require (file://C:\Users\yassb\Desktop\Mes sites web\SolYB_website\node_modules\next\dist\compiled\next-server\app-page.runtime.dev.js:39:28541)
    at globalThis.__next_require__ (file://C:\Users\yassb\Desktop\Mes sites web\SolYB_website\node_modules\next\dist\compiled\next-server\app-page.runtime.dev.js:39:29364)
    at requireModule (file://C:\Users\yassb\Desktop\Mes sites web\SolYB_website\node_modules\next\dist\compiled\next-server\app-page.runtime.dev.js:2:318257)
    at initializeModuleChunk (file://C:\Users\yassb\Desktop\Mes sites web\SolYB_website\node_modules\next\dist\compiled\next-server\app-page.runtime.dev.js:2:347377)
    at getOutlinedModel (file://C:\Users\yassb\Desktop\Mes sites web\SolYB_website\node_modules\next\dist\compiled\next-server\app-page.runtime.dev.js:2:356965)
    at <unknown> (file://C:\Users\yassb\Desktop\Mes sites web\SolYB_website\node_modules\next\dist\compiled\next-server\app-page.runtime.dev.js:2:364804)
    at ResponseInstance._fromJSON (file://C:\Users\yassb\Desktop\Mes sites web\SolYB_website\node_modules\next\dist\compiled\next-server\app-page.runtime.dev.js:2:364895)
    at JSON.parse (<anonymous>)
    at initializeModelChunk (file://C:\Users\yassb\Desktop\Mes sites web\SolYB_website\node_modules\next\dist\compiled\next-server\app-page.runtime.dev.js:2:346768)
    at resolveModelChunk (file://C:\Users\yassb\Desktop\Mes sites web\SolYB_website\node_modules\next\dist\compiled\next-server\app-page.runtime.dev.js:2:345056)
    at processFullStringRow (file://C:\Users\yassb\Desktop\Mes sites web\SolYB_website\node_modules\next\dist\compiled\next-server\app-page.runtime.dev.js:2:383914)
    at <unknown> (file://C:\Users\yassb\Desktop\Mes sites web\SolYB_website\node_modules\next\dist\compiled\next-server\app-page.runtime.dev.js:2:386317)
    at processBinaryChunk (file://C:\Users\yassb\Desktop\Mes sites web\SolYB_website\node_modules\next\dist\compiled\next-server\app-page.runtime.dev.js:2:386389)
    at progress (file://C:\Users\yassb\Desktop\Mes sites web\SolYB_website\node_modules\next\dist\compiled\next-server\app-page.runtime.dev.js:2:387917)
[    8498ms] [LOG] [HMR] connected @ webpack-internal:///(pages-dir-browser)/./node_modules/next/dist/client/dev/hot-reloader/pages/websocket.js:45
[    8519ms] [ERROR] Failed to load resource: the server responded with a status of 404 (Not Found) @ http://localhost:3000/favicon.ico:0
