[    8129ms] [INFO] %cDownload the React DevTools for a better development experience: https://react.dev/link/react-devtools font-weight:bold @ webpack-internal:///(app-pages-browser)/./node_modules/next/dist/compiled/react-dom/cjs/react-dom-client.development.js:25630
[   10243ms] [WARNING] Crisp: Missing NEXT_PUBLIC_CRISP_WEBSITE_ID in environment variables @ webpack-internal:///(app-pages-browser)/./src/components/site/CrispChat.tsx:17
[   10246ms] [WARNING] Crisp: Missing NEXT_PUBLIC_CRISP_WEBSITE_ID in environment variables @ webpack-internal:///(app-pages-browser)/./src/components/site/CrispChat.tsx:17
[   11296ms] [LOG] [Fast Refresh] rebuilding @ webpack-internal:///(app-pages-browser)/./node_modules/next/dist/client/dev/hot-reloader/app/hot-reloader-app.js:196
[   14518ms] [LOG] [Fast Refresh] done in 3223ms @ webpack-internal:///(app-pages-browser)/./node_modules/next/dist/client/dev/report-hmr-latency.js:13
[   14668ms] [LOG] [Fast Refresh] rebuilding @ webpack-internal:///(app-pages-browser)/./node_modules/next/dist/client/dev/hot-reloader/app/hot-reloader-app.js:196
[   15855ms] [LOG] [Fast Refresh] rebuilding @ webpack-internal:///(app-pages-browser)/./node_modules/next/dist/client/dev/hot-reloader/app/hot-reloader-app.js:196
[   15911ms] [LOG] [Fast Refresh] done in 55ms @ webpack-internal:///(app-pages-browser)/./node_modules/next/dist/client/dev/report-hmr-latency.js:13
[   22144ms] [LOG] [Fast Refresh] done in 6289ms @ webpack-internal:///(app-pages-browser)/./node_modules/next/dist/client/dev/report-hmr-latency.js:13
[   23346ms] [LOG] [Fast Refresh] rebuilding @ webpack-internal:///(app-pages-browser)/./node_modules/next/dist/client/dev/hot-reloader/app/hot-reloader-app.js:196
[   24726ms] [LOG] [Fast Refresh] rebuilding @ webpack-internal:///(app-pages-browser)/./node_modules/next/dist/client/dev/hot-reloader/app/hot-reloader-app.js:196
[   24788ms] [LOG] [Fast Refresh] done in 63ms @ webpack-internal:///(app-pages-browser)/./node_modules/next/dist/client/dev/report-hmr-latency.js:13
[   26806ms] [LOG] [Fast Refresh] done in 2080ms @ webpack-internal:///(app-pages-browser)/./node_modules/next/dist/client/dev/report-hmr-latency.js:13
[   31810ms] [LOG] [Fast Refresh] rebuilding @ webpack-internal:///(app-pages-browser)/./node_modules/next/dist/client/dev/hot-reloader/app/hot-reloader-app.js:196
[   33421ms] [LOG] [Fast Refresh] rebuilding @ webpack-internal:///(app-pages-browser)/./node_modules/next/dist/client/dev/hot-reloader/app/hot-reloader-app.js:196
[   33494ms] [LOG] [Fast Refresh] done in 73ms @ webpack-internal:///(app-pages-browser)/./node_modules/next/dist/client/dev/report-hmr-latency.js:13
[   35807ms] [LOG] [Fast Refresh] done in 2386ms @ webpack-internal:///(app-pages-browser)/./node_modules/next/dist/client/dev/report-hmr-latency.js:13
[   39903ms] [LOG] [Fast Refresh] rebuilding @ webpack-internal:///(app-pages-browser)/./node_modules/next/dist/client/dev/hot-reloader/app/hot-reloader-app.js:196
[   41454ms] [LOG] [Fast Refresh] rebuilding @ webpack-internal:///(app-pages-browser)/./node_modules/next/dist/client/dev/hot-reloader/app/hot-reloader-app.js:196
[   41503ms] [LOG] [Fast Refresh] done in 49ms @ webpack-internal:///(app-pages-browser)/./node_modules/next/dist/client/dev/report-hmr-latency.js:13
[   43961ms] [LOG] [Fast Refresh] done in 2507ms @ webpack-internal:///(app-pages-browser)/./node_modules/next/dist/client/dev/report-hmr-latency.js:13
[   52005ms] [INFO] %cDownload the React DevTools for a better development experience: https://react.dev/link/react-devtools font-weight:bold @ webpack-internal:///(app-pages-browser)/./node_modules/next/dist/compiled/react-dom/cjs/react-dom-client.development.js:25630
[   54765ms] [LOG] [Fast Refresh] rebuilding @ webpack-internal:///(app-pages-browser)/./node_modules/next/dist/client/dev/hot-reloader/app/hot-reloader-app.js:196
[   56494ms] [LOG] [Fast Refresh] done in 1729ms @ webpack-internal:///(app-pages-browser)/./node_modules/next/dist/client/dev/report-hmr-latency.js:13
[   64091ms] [LOG] [Fast Refresh] rebuilding @ webpack-internal:///(app-pages-browser)/./node_modules/next/dist/client/dev/hot-reloader/app/hot-reloader-app.js:196
[   65165ms] [LOG] [Fast Refresh] rebuilding @ webpack-internal:///(app-pages-browser)/./node_modules/next/dist/client/dev/hot-reloader/app/hot-reloader-app.js:196
[   65308ms] [LOG] [Fast Refresh] done in 143ms @ webpack-internal:///(app-pages-browser)/./node_modules/next/dist/client/dev/report-hmr-latency.js:13
[   67161ms] [LOG] [Fast Refresh] done in 1995ms @ webpack-internal:///(app-pages-browser)/./node_modules/next/dist/client/dev/report-hmr-latency.js:13
[   72846ms] [LOG] [Fast Refresh] rebuilding @ webpack-internal:///(app-pages-browser)/./node_modules/next/dist/client/dev/hot-reloader/app/hot-reloader-app.js:196
[   73934ms] [LOG] [Fast Refresh] rebuilding @ webpack-internal:///(app-pages-browser)/./node_modules/next/dist/client/dev/hot-reloader/app/hot-reloader-app.js:196
[   74013ms] [LOG] [Fast Refresh] done in 79ms @ webpack-internal:///(app-pages-browser)/./node_modules/next/dist/client/dev/report-hmr-latency.js:13
[   76000ms] [LOG] [Fast Refresh] done in 2066ms @ webpack-internal:///(app-pages-browser)/./node_modules/next/dist/client/dev/report-hmr-latency.js:13
[   81975ms] [LOG] [Fast Refresh] rebuilding @ webpack-internal:///(app-pages-browser)/./node_modules/next/dist/client/dev/hot-reloader/app/hot-reloader-app.js:196
[   86651ms] [LOG] [Fast Refresh] done in 4675ms @ webpack-internal:///(app-pages-browser)/./node_modules/next/dist/client/dev/report-hmr-latency.js:13
[   91322ms] [LOG] [Fast Refresh] rebuilding @ webpack-internal:///(app-pages-browser)/./node_modules/next/dist/client/dev/hot-reloader/app/hot-reloader-app.js:196
[   92488ms] [LOG] [Fast Refresh] rebuilding @ webpack-internal:///(app-pages-browser)/./node_modules/next/dist/client/dev/hot-reloader/app/hot-reloader-app.js:196
[   92557ms] [LOG] [Fast Refresh] done in 68ms @ webpack-internal:///(app-pages-browser)/./node_modules/next/dist/client/dev/report-hmr-latency.js:13
[   97199ms] [LOG] [Fast Refresh] done in 4711ms @ webpack-internal:///(app-pages-browser)/./node_modules/next/dist/client/dev/report-hmr-latency.js:13
[  340650ms] [LOG] [Fast Refresh] rebuilding @ webpack-internal:///(app-pages-browser)/./node_modules/next/dist/client/dev/hot-reloader/app/hot-reloader-app.js:196
[  343579ms] [LOG] [Fast Refresh] rebuilding @ webpack-internal:///(app-pages-browser)/./node_modules/next/dist/client/dev/hot-reloader/app/hot-reloader-app.js:196
[  345347ms] [LOG] [Fast Refresh] done in 1768ms @ webpack-internal:///(app-pages-browser)/./node_modules/next/dist/client/dev/report-hmr-latency.js:13
[  358460ms] [LOG] [Fast Refresh] done in 14881ms @ webpack-internal:///(app-pages-browser)/./node_modules/next/dist/client/dev/report-hmr-latency.js:13
[  359372ms] [ERROR] Failed to load resource: the server responded with a status of 404 (Not Found) @ http://localhost:3000/facturation-electronique?_rsc=5aerm:0
[  367098ms] [INFO] %cDownload the React DevTools for a better development experience: https://react.dev/link/react-devtools font-weight:bold @ webpack-internal:///(app-pages-browser)/./node_modules/next/dist/compiled/react-dom/cjs/react-dom-client.development.js:25630
[  899617ms] [LOG] [Fast Refresh] rebuilding @ webpack-internal:///(app-pages-browser)/./node_modules/next/dist/client/dev/hot-reloader/app/hot-reloader-app.js:196
[  904053ms] [LOG] [Fast Refresh] done in 4436ms @ webpack-internal:///(app-pages-browser)/./node_modules/next/dist/client/dev/report-hmr-latency.js:13
[  904056ms] [LOG] [HMR] Detected local css modules. Reload all css @ webpack-internal:///(app-pages-browser)/./node_modules/next/dist/compiled/mini-css-extract-plugin/hmr/hotModuleReplacement.js:1
[  908003ms] [LOG] [Fast Refresh] rebuilding @ webpack-internal:///(app-pages-browser)/./node_modules/next/dist/client/dev/hot-reloader/app/hot-reloader-app.js:196
[  909533ms] [LOG] [Fast Refresh] done in 1531ms @ webpack-internal:///(app-pages-browser)/./node_modules/next/dist/client/dev/report-hmr-latency.js:13
[  909550ms] [LOG] [HMR] Detected local css modules. Reload all css @ webpack-internal:///(app-pages-browser)/./node_modules/next/dist/compiled/mini-css-extract-plugin/hmr/hotModuleReplacement.js:1
[  967133ms] [LOG] [Fast Refresh] rebuilding @ webpack-internal:///(app-pages-browser)/./node_modules/next/dist/client/dev/hot-reloader/app/hot-reloader-app.js:196
[  969858ms] [LOG] [Fast Refresh] rebuilding @ webpack-internal:///(app-pages-browser)/./node_modules/next/dist/client/dev/hot-reloader/app/hot-reloader-app.js:196
[  970022ms] [ERROR] %s a style property during rerender (%s) when a conflicting property is set (%s) can lead to styling bugs. To avoid this, don't mix shorthand and non-shorthand properties for the same value; instead, replace the shorthand with separate values. Updating border borderLeft @ webpack-internal:///(app-pages-browser)/./node_modules/next/dist/next-devtools/userspace/app/errors/intercept-console-error.js:56
[  970024ms] [LOG] [Fast Refresh] done in 166ms @ webpack-internal:///(app-pages-browser)/./node_modules/next/dist/client/dev/report-hmr-latency.js:13
[  975084ms] [LOG] [Fast Refresh] done in 5225ms @ webpack-internal:///(app-pages-browser)/./node_modules/next/dist/client/dev/report-hmr-latency.js:13
[ 1376180ms] [LOG] [Fast Refresh] rebuilding @ webpack-internal:///(app-pages-browser)/./node_modules/next/dist/client/dev/hot-reloader/app/hot-reloader-app.js:196
[ 1379790ms] [LOG] [Fast Refresh] rebuilding @ webpack-internal:///(app-pages-browser)/./node_modules/next/dist/client/dev/hot-reloader/app/hot-reloader-app.js:196
[ 1379963ms] [LOG] [Fast Refresh] done in 172ms @ webpack-internal:///(app-pages-browser)/./node_modules/next/dist/client/dev/report-hmr-latency.js:13
[ 1379965ms] [LOG] [HMR] Detected local css modules. Reload all css @ webpack-internal:///(app-pages-browser)/./node_modules/next/dist/compiled/mini-css-extract-plugin/hmr/hotModuleReplacement.js:1
[ 1383217ms] [WARNING] The resource http://localhost:3000/_next/static/css/app/facturation-electronique/layout.css?1780351200806 was preloaded using link preload but not used within a few seconds from the window's load event. Please make sure it has an appropriate `as` value and it is preloaded intentionally. @ http://localhost:3000/facturation-electronique:0
[ 1383217ms] [WARNING] The resource http://localhost:3000/_next/static/css/app/facturation-electronique/page.css?1780351200807 was preloaded using link preload but not used within a few seconds from the window's load event. Please make sure it has an appropriate `as` value and it is preloaded intentionally. @ http://localhost:3000/facturation-electronique:0
[ 1383217ms] [WARNING] The resource http://localhost:3000/_next/static/css/app/layout.css?1780351200805 was preloaded using link preload but not used within a few seconds from the window's load event. Please make sure it has an appropriate `as` value and it is preloaded intentionally. @ http://localhost:3000/facturation-electronique:0
[ 1384945ms] [LOG] [Fast Refresh] rebuilding @ webpack-internal:///(app-pages-browser)/./node_modules/next/dist/client/dev/hot-reloader/app/hot-reloader-app.js:196
[ 1385484ms] [ERROR] %s a style property during rerender (%s) when a conflicting property is set (%s) can lead to styling bugs. To avoid this, don't mix shorthand and non-shorthand properties for the same value; instead, replace the shorthand with separate values. Updating border borderLeft @ webpack-internal:///(app-pages-browser)/./node_modules/next/dist/next-devtools/userspace/app/errors/intercept-console-error.js:56
[ 1385487ms] [LOG] [Fast Refresh] done in 542ms @ webpack-internal:///(app-pages-browser)/./node_modules/next/dist/client/dev/report-hmr-latency.js:13
[ 1387601ms] [LOG] [Fast Refresh] done in 2655ms @ webpack-internal:///(app-pages-browser)/./node_modules/next/dist/client/dev/report-hmr-latency.js:13
[ 1387603ms] [LOG] [HMR] Detected local css modules. Reload all css @ webpack-internal:///(app-pages-browser)/./node_modules/next/dist/compiled/mini-css-extract-plugin/hmr/hotModuleReplacement.js:1
[ 1391865ms] [WARNING] The resource http://localhost:3000/_next/static/css/app/facturation-electronique/layout.css?1780351208446 was preloaded using link preload but not used within a few seconds from the window's load event. Please make sure it has an appropriate `as` value and it is preloaded intentionally. @ http://localhost:3000/facturation-electronique:0
[ 1391865ms] [WARNING] The resource http://localhost:3000/_next/static/css/app/facturation-electronique/layout.css?1780351200806 was preloaded using link preload but not used within a few seconds from the window's load event. Please make sure it has an appropriate `as` value and it is preloaded intentionally. @ http://localhost:3000/facturation-electronique:0
[ 1391865ms] [WARNING] The resource http://localhost:3000/_next/static/css/app/facturation-electronique/page.css?1780351200807 was preloaded using link preload but not used within a few seconds from the window's load event. Please make sure it has an appropriate `as` value and it is preloaded intentionally. @ http://localhost:3000/facturation-electronique:0
[ 1391865ms] [WARNING] The resource http://localhost:3000/_next/static/css/app/layout.css?1780351200805 was preloaded using link preload but not used within a few seconds from the window's load event. Please make sure it has an appropriate `as` value and it is preloaded intentionally. @ http://localhost:3000/facturation-electronique:0
[ 1391865ms] [WARNING] The resource http://localhost:3000/_next/static/css/app/layout.css?1780351208445 was preloaded using link preload but not used within a few seconds from the window's load event. Please make sure it has an appropriate `as` value and it is preloaded intentionally. @ http://localhost:3000/facturation-electronique:0
[ 1391865ms] [WARNING] The resource http://localhost:3000/_next/static/css/app/facturation-electronique/page.css?1780351208448 was preloaded using link preload but not used within a few seconds from the window's load event. Please make sure it has an appropriate `as` value and it is preloaded intentionally. @ http://localhost:3000/facturation-electronique:0
[ 1848183ms] [LOG] [Fast Refresh] rebuilding @ webpack-internal:///(app-pages-browser)/./node_modules/next/dist/client/dev/hot-reloader/app/hot-reloader-app.js:196
[ 1851308ms] [LOG] [Fast Refresh] rebuilding @ webpack-internal:///(app-pages-browser)/./node_modules/next/dist/client/dev/hot-reloader/app/hot-reloader-app.js:196
[ 1851453ms] [LOG] [Fast Refresh] done in 148ms @ webpack-internal:///(app-pages-browser)/./node_modules/next/dist/client/dev/report-hmr-latency.js:13
[ 1854456ms] [WARNING] The resource http://localhost:3000/_next/static/css/app/facturation-electronique/layout.css?1780351208446 was preloaded using link preload but not used within a few seconds from the window's load event. Please make sure it has an appropriate `as` value and it is preloaded intentionally. @ http://localhost:3000/facturation-electronique:0
[ 1854456ms] [WARNING] The resource http://localhost:3000/_next/static/css/app/facturation-electronique/layout.css?1780351200806 was preloaded using link preload but not used within a few seconds from the window's load event. Please make sure it has an appropriate `as` value and it is preloaded intentionally. @ http://localhost:3000/facturation-electronique:0
[ 1854456ms] [WARNING] The resource http://localhost:3000/_next/static/css/app/facturation-electronique/page.css?1780351200807 was preloaded using link preload but not used within a few seconds from the window's load event. Please make sure it has an appropriate `as` value and it is preloaded intentionally. @ http://localhost:3000/facturation-electronique:0
[ 1854456ms] [WARNING] The resource http://localhost:3000/_next/static/css/app/layout.css?1780351200805 was preloaded using link preload but not used within a few seconds from the window's load event. Please make sure it has an appropriate `as` value and it is preloaded intentionally. @ http://localhost:3000/facturation-electronique:0
[ 1854456ms] [WARNING] The resource http://localhost:3000/_next/static/css/app/layout.css?1780351208445 was preloaded using link preload but not used within a few seconds from the window's load event. Please make sure it has an appropriate `as` value and it is preloaded intentionally. @ http://localhost:3000/facturation-electronique:0
[ 1854456ms] [WARNING] The resource http://localhost:3000/_next/static/css/app/facturation-electronique/page.css?1780351208448 was preloaded using link preload but not used within a few seconds from the window's load event. Please make sure it has an appropriate `as` value and it is preloaded intentionally. @ http://localhost:3000/facturation-electronique:0
[ 1855566ms] [LOG] [Fast Refresh] done in 4262ms @ webpack-internal:///(app-pages-browser)/./node_modules/next/dist/client/dev/report-hmr-latency.js:13
[ 1859313ms] [WARNING] The resource http://localhost:3000/_next/static/css/app/facturation-electronique/layout.css?1780351208446 was preloaded using link preload but not used within a few seconds from the window's load event. Please make sure it has an appropriate `as` value and it is preloaded intentionally. @ http://localhost:3000/facturation-electronique:0
[ 1859313ms] [WARNING] The resource http://localhost:3000/_next/static/css/app/facturation-electronique/layout.css?1780351200806 was preloaded using link preload but not used within a few seconds from the window's load event. Please make sure it has an appropriate `as` value and it is preloaded intentionally. @ http://localhost:3000/facturation-electronique:0
[ 1859313ms] [WARNING] The resource http://localhost:3000/_next/static/css/app/facturation-electronique/page.css?1780351200807 was preloaded using link preload but not used within a few seconds from the window's load event. Please make sure it has an appropriate `as` value and it is preloaded intentionally. @ http://localhost:3000/facturation-electronique:0
[ 1859314ms] [WARNING] The resource http://localhost:3000/_next/static/css/app/layout.css?1780351200805 was preloaded using link preload but not used within a few seconds from the window's load event. Please make sure it has an appropriate `as` value and it is preloaded intentionally. @ http://localhost:3000/facturation-electronique:0
[ 1859314ms] [WARNING] The resource http://localhost:3000/_next/static/css/app/layout.css?1780351208445 was preloaded using link preload but not used within a few seconds from the window's load event. Please make sure it has an appropriate `as` value and it is preloaded intentionally. @ http://localhost:3000/facturation-electronique:0
[ 1859314ms] [WARNING] The resource http://localhost:3000/_next/static/css/app/facturation-electronique/page.css?1780351208448 was preloaded using link preload but not used within a few seconds from the window's load event. Please make sure it has an appropriate `as` value and it is preloaded intentionally. @ http://localhost:3000/facturation-electronique:0
[ 1862089ms] [LOG] [Fast Refresh] rebuilding @ webpack-internal:///(app-pages-browser)/./node_modules/next/dist/client/dev/hot-reloader/app/hot-reloader-app.js:196
[ 1863364ms] [LOG] [Fast Refresh] rebuilding @ webpack-internal:///(app-pages-browser)/./node_modules/next/dist/client/dev/hot-reloader/app/hot-reloader-app.js:196
[ 1863436ms] [LOG] [Fast Refresh] done in 72ms @ webpack-internal:///(app-pages-browser)/./node_modules/next/dist/client/dev/report-hmr-latency.js:13
[ 1865965ms] [LOG] [Fast Refresh] done in 2600ms @ webpack-internal:///(app-pages-browser)/./node_modules/next/dist/client/dev/report-hmr-latency.js:13
[ 1869702ms] [WARNING] The resource http://localhost:3000/_next/static/css/app/facturation-electronique/layout.css?1780351208446 was preloaded using link preload but not used within a few seconds from the window's load event. Please make sure it has an appropriate `as` value and it is preloaded intentionally. @ http://localhost:3000/facturation-electronique:0
[ 1869703ms] [WARNING] The resource http://localhost:3000/_next/static/css/app/facturation-electronique/layout.css?1780351200806 was preloaded using link preload but not used within a few seconds from the window's load event. Please make sure it has an appropriate `as` value and it is preloaded intentionally. @ http://localhost:3000/facturation-electronique:0
[ 1869703ms] [WARNING] The resource http://localhost:3000/_next/static/css/app/facturation-electronique/page.css?1780351200807 was preloaded using link preload but not used within a few seconds from the window's load event. Please make sure it has an appropriate `as` value and it is preloaded intentionally. @ http://localhost:3000/facturation-electronique:0
[ 1869703ms] [WARNING] The resource http://localhost:3000/_next/static/css/app/layout.css?1780351200805 was preloaded using link preload but not used within a few seconds from the window's load event. Please make sure it has an appropriate `as` value and it is preloaded intentionally. @ http://localhost:3000/facturation-electronique:0
[ 1869703ms] [WARNING] The resource http://localhost:3000/_next/static/css/app/layout.css?1780351208445 was preloaded using link preload but not used within a few seconds from the window's load event. Please make sure it has an appropriate `as` value and it is preloaded intentionally. @ http://localhost:3000/facturation-electronique:0
[ 1869703ms] [WARNING] The resource http://localhost:3000/_next/static/css/app/facturation-electronique/page.css?1780351208448 was preloaded using link preload but not used within a few seconds from the window's load event. Please make sure it has an appropriate `as` value and it is preloaded intentionally. @ http://localhost:3000/facturation-electronique:0
[ 1874973ms] [LOG] [Fast Refresh] rebuilding @ webpack-internal:///(app-pages-browser)/./node_modules/next/dist/client/dev/hot-reloader/app/hot-reloader-app.js:196
[ 1876135ms] [LOG] [Fast Refresh] rebuilding @ webpack-internal:///(app-pages-browser)/./node_modules/next/dist/client/dev/hot-reloader/app/hot-reloader-app.js:196
[ 1876237ms] [LOG] [Fast Refresh] done in 102ms @ webpack-internal:///(app-pages-browser)/./node_modules/next/dist/client/dev/report-hmr-latency.js:13
[ 1879242ms] [WARNING] The resource http://localhost:3000/_next/static/css/app/facturation-electronique/layout.css?1780351208446 was preloaded using link preload but not used within a few seconds from the window's load event. Please make sure it has an appropriate `as` value and it is preloaded intentionally. @ http://localhost:3000/facturation-electronique:0
[ 1879242ms] [WARNING] The resource http://localhost:3000/_next/static/css/app/facturation-electronique/layout.css?1780351200806 was preloaded using link preload but not used within a few seconds from the window's load event. Please make sure it has an appropriate `as` value and it is preloaded intentionally. @ http://localhost:3000/facturation-electronique:0
[ 1879242ms] [WARNING] The resource http://localhost:3000/_next/static/css/app/facturation-electronique/page.css?1780351200807 was preloaded using link preload but not used within a few seconds from the window's load event. Please make sure it has an appropriate `as` value and it is preloaded intentionally. @ http://localhost:3000/facturation-electronique:0
[ 1879242ms] [WARNING] The resource http://localhost:3000/_next/static/css/app/layout.css?1780351200805 was preloaded using link preload but not used within a few seconds from the window's load event. Please make sure it has an appropriate `as` value and it is preloaded intentionally. @ http://localhost:3000/facturation-electronique:0
[ 1879242ms] [WARNING] The resource http://localhost:3000/_next/static/css/app/layout.css?1780351208445 was preloaded using link preload but not used within a few seconds from the window's load event. Please make sure it has an appropriate `as` value and it is preloaded intentionally. @ http://localhost:3000/facturation-electronique:0
[ 1879242ms] [WARNING] The resource http://localhost:3000/_next/static/css/app/facturation-electronique/page.css?1780351208448 was preloaded using link preload but not used within a few seconds from the window's load event. Please make sure it has an appropriate `as` value and it is preloaded intentionally. @ http://localhost:3000/facturation-electronique:0
[ 1884168ms] [LOG] [Fast Refresh] done in 8033ms @ webpack-internal:///(app-pages-browser)/./node_modules/next/dist/client/dev/report-hmr-latency.js:13
[ 1887462ms] [LOG] [Fast Refresh] rebuilding @ webpack-internal:///(app-pages-browser)/./node_modules/next/dist/client/dev/hot-reloader/app/hot-reloader-app.js:196
[ 1887854ms] [WARNING] The resource http://localhost:3000/_next/static/css/app/facturation-electronique/layout.css?1780351208446 was preloaded using link preload but not used within a few seconds from the window's load event. Please make sure it has an appropriate `as` value and it is preloaded intentionally. @ http://localhost:3000/facturation-electronique:0
[ 1887854ms] [WARNING] The resource http://localhost:3000/_next/static/css/app/facturation-electronique/layout.css?1780351200806 was preloaded using link preload but not used within a few seconds from the window's load event. Please make sure it has an appropriate `as` value and it is preloaded intentionally. @ http://localhost:3000/facturation-electronique:0
[ 1887854ms] [WARNING] The resource http://localhost:3000/_next/static/css/app/facturation-electronique/page.css?1780351200807 was preloaded using link preload but not used within a few seconds from the window's load event. Please make sure it has an appropriate `as` value and it is preloaded intentionally. @ http://localhost:3000/facturation-electronique:0
[ 1887854ms] [WARNING] The resource http://localhost:3000/_next/static/css/app/layout.css?1780351200805 was preloaded using link preload but not used within a few seconds from the window's load event. Please make sure it has an appropriate `as` value and it is preloaded intentionally. @ http://localhost:3000/facturation-electronique:0
[ 1887854ms] [WARNING] The resource http://localhost:3000/_next/static/css/app/layout.css?1780351208445 was preloaded using link preload but not used within a few seconds from the window's load event. Please make sure it has an appropriate `as` value and it is preloaded intentionally. @ http://localhost:3000/facturation-electronique:0
[ 1887854ms] [WARNING] The resource http://localhost:3000/_next/static/css/app/facturation-electronique/page.css?1780351208448 was preloaded using link preload but not used within a few seconds from the window's load event. Please make sure it has an appropriate `as` value and it is preloaded intentionally. @ http://localhost:3000/facturation-electronique:0
[ 1888470ms] [LOG] [Fast Refresh] rebuilding @ webpack-internal:///(app-pages-browser)/./node_modules/next/dist/client/dev/hot-reloader/app/hot-reloader-app.js:196
[ 1888518ms] [LOG] [Fast Refresh] done in 49ms @ webpack-internal:///(app-pages-browser)/./node_modules/next/dist/client/dev/report-hmr-latency.js:13
[ 1891090ms] [LOG] [Fast Refresh] done in 2621ms @ webpack-internal:///(app-pages-browser)/./node_modules/next/dist/client/dev/report-hmr-latency.js:13
[ 1893601ms] [LOG] [Fast Refresh] rebuilding @ webpack-internal:///(app-pages-browser)/./node_modules/next/dist/client/dev/hot-reloader/app/hot-reloader-app.js:196
[ 1894656ms] [LOG] [Fast Refresh] rebuilding @ webpack-internal:///(app-pages-browser)/./node_modules/next/dist/client/dev/hot-reloader/app/hot-reloader-app.js:196
[ 1894734ms] [LOG] [Fast Refresh] done in 78ms @ webpack-internal:///(app-pages-browser)/./node_modules/next/dist/client/dev/report-hmr-latency.js:13
[ 1897739ms] [WARNING] The resource http://localhost:3000/_next/static/css/app/facturation-electronique/layout.css?1780351208446 was preloaded using link preload but not used within a few seconds from the window's load event. Please make sure it has an appropriate `as` value and it is preloaded intentionally. @ http://localhost:3000/facturation-electronique:0
[ 1897739ms] [WARNING] The resource http://localhost:3000/_next/static/css/app/facturation-electronique/layout.css?1780351200806 was preloaded using link preload but not used within a few seconds from the window's load event. Please make sure it has an appropriate `as` value and it is preloaded intentionally. @ http://localhost:3000/facturation-electronique:0
[ 1897739ms] [WARNING] The resource http://localhost:3000/_next/static/css/app/facturation-electronique/page.css?1780351200807 was preloaded using link preload but not used within a few seconds from the window's load event. Please make sure it has an appropriate `as` value and it is preloaded intentionally. @ http://localhost:3000/facturation-electronique:0
[ 1897739ms] [WARNING] The resource http://localhost:3000/_next/static/css/app/layout.css?1780351200805 was preloaded using link preload but not used within a few seconds from the window's load event. Please make sure it has an appropriate `as` value and it is preloaded intentionally. @ http://localhost:3000/facturation-electronique:0
[ 1897739ms] [WARNING] The resource http://localhost:3000/_next/static/css/app/layout.css?1780351208445 was preloaded using link preload but not used within a few seconds from the window's load event. Please make sure it has an appropriate `as` value and it is preloaded intentionally. @ http://localhost:3000/facturation-electronique:0
[ 1897739ms] [WARNING] The resource http://localhost:3000/_next/static/css/app/facturation-electronique/page.css?1780351208448 was preloaded using link preload but not used within a few seconds from the window's load event. Please make sure it has an appropriate `as` value and it is preloaded intentionally. @ http://localhost:3000/facturation-electronique:0
[ 1898028ms] [LOG] [Fast Refresh] done in 3372ms @ webpack-internal:///(app-pages-browser)/./node_modules/next/dist/client/dev/report-hmr-latency.js:13
[ 1898727ms] [LOG] [Fast Refresh] rebuilding @ webpack-internal:///(app-pages-browser)/./node_modules/next/dist/client/dev/hot-reloader/app/hot-reloader-app.js:196
[ 1899932ms] [LOG] [Fast Refresh] rebuilding @ webpack-internal:///(app-pages-browser)/./node_modules/next/dist/client/dev/hot-reloader/app/hot-reloader-app.js:196
[ 1899964ms] [LOG] [Fast Refresh] done in 31ms @ webpack-internal:///(app-pages-browser)/./node_modules/next/dist/client/dev/report-hmr-latency.js:13
[ 1901649ms] [LOG] [Fast Refresh] done in 1717ms @ webpack-internal:///(app-pages-browser)/./node_modules/next/dist/client/dev/report-hmr-latency.js:13
[ 1905531ms] [WARNING] The resource http://localhost:3000/_next/static/css/app/facturation-electronique/layout.css?1780351208446 was preloaded using link preload but not used within a few seconds from the window's load event. Please make sure it has an appropriate `as` value and it is preloaded intentionally. @ http://localhost:3000/facturation-electronique:0
[ 1905533ms] [WARNING] The resource http://localhost:3000/_next/static/css/app/facturation-electronique/layout.css?1780351200806 was preloaded using link preload but not used within a few seconds from the window's load event. Please make sure it has an appropriate `as` value and it is preloaded intentionally. @ http://localhost:3000/facturation-electronique:0
[ 1905533ms] [WARNING] The resource http://localhost:3000/_next/static/css/app/facturation-electronique/page.css?1780351200807 was preloaded using link preload but not used within a few seconds from the window's load event. Please make sure it has an appropriate `as` value and it is preloaded intentionally. @ http://localhost:3000/facturation-electronique:0
[ 1905533ms] [WARNING] The resource http://localhost:3000/_next/static/css/app/layout.css?1780351200805 was preloaded using link preload but not used within a few seconds from the window's load event. Please make sure it has an appropriate `as` value and it is preloaded intentionally. @ http://localhost:3000/facturation-electronique:0
[ 1905533ms] [WARNING] The resource http://localhost:3000/_next/static/css/app/layout.css?1780351208445 was preloaded using link preload but not used within a few seconds from the window's load event. Please make sure it has an appropriate `as` value and it is preloaded intentionally. @ http://localhost:3000/facturation-electronique:0
[ 1905533ms] [WARNING] The resource http://localhost:3000/_next/static/css/app/facturation-electronique/page.css?1780351208448 was preloaded using link preload but not used within a few seconds from the window's load event. Please make sure it has an appropriate `as` value and it is preloaded intentionally. @ http://localhost:3000/facturation-electronique:0
[ 1925208ms] [LOG] [Fast Refresh] rebuilding @ webpack-internal:///(app-pages-browser)/./node_modules/next/dist/client/dev/hot-reloader/app/hot-reloader-app.js:196
[ 1934202ms] [LOG] [Fast Refresh] rebuilding @ webpack-internal:///(app-pages-browser)/./node_modules/next/dist/client/dev/hot-reloader/app/hot-reloader-app.js:196
[ 1934270ms] [LOG] [Fast Refresh] done in 67ms @ webpack-internal:///(app-pages-browser)/./node_modules/next/dist/client/dev/report-hmr-latency.js:13
[ 1937283ms] [WARNING] The resource http://localhost:3000/_next/static/css/app/facturation-electronique/layout.css?1780351208446 was preloaded using link preload but not used within a few seconds from the window's load event. Please make sure it has an appropriate `as` value and it is preloaded intentionally. @ http://localhost:3000/facturation-electronique:0
[ 1937283ms] [WARNING] The resource http://localhost:3000/_next/static/css/app/facturation-electronique/layout.css?1780351200806 was preloaded using link preload but not used within a few seconds from the window's load event. Please make sure it has an appropriate `as` value and it is preloaded intentionally. @ http://localhost:3000/facturation-electronique:0
[ 1937283ms] [WARNING] The resource http://localhost:3000/_next/static/css/app/facturation-electronique/page.css?1780351200807 was preloaded using link preload but not used within a few seconds from the window's load event. Please make sure it has an appropriate `as` value and it is preloaded intentionally. @ http://localhost:3000/facturation-electronique:0
[ 1937283ms] [WARNING] The resource http://localhost:3000/_next/static/css/app/layout.css?1780351200805 was preloaded using link preload but not used within a few seconds from the window's load event. Please make sure it has an appropriate `as` value and it is preloaded intentionally. @ http://localhost:3000/facturation-electronique:0
[ 1937283ms] [WARNING] The resource http://localhost:3000/_next/static/css/app/layout.css?1780351208445 was preloaded using link preload but not used within a few seconds from the window's load event. Please make sure it has an appropriate `as` value and it is preloaded intentionally. @ http://localhost:3000/facturation-electronique:0
[ 1937283ms] [WARNING] The resource http://localhost:3000/_next/static/css/app/facturation-electronique/page.css?1780351208448 was preloaded using link preload but not used within a few seconds from the window's load event. Please make sure it has an appropriate `as` value and it is preloaded intentionally. @ http://localhost:3000/facturation-electronique:0
[ 1944489ms] [LOG] [Fast Refresh] done in 10287ms @ webpack-internal:///(app-pages-browser)/./node_modules/next/dist/client/dev/report-hmr-latency.js:13
[ 1948448ms] [WARNING] The resource http://localhost:3000/_next/static/css/app/facturation-electronique/layout.css?1780351208446 was preloaded using link preload but not used within a few seconds from the window's load event. Please make sure it has an appropriate `as` value and it is preloaded intentionally. @ http://localhost:3000/facturation-electronique:0
[ 1948449ms] [WARNING] The resource http://localhost:3000/_next/static/css/app/facturation-electronique/layout.css?1780351200806 was preloaded using link preload but not used within a few seconds from the window's load event. Please make sure it has an appropriate `as` value and it is preloaded intentionally. @ http://localhost:3000/facturation-electronique:0
[ 1948449ms] [WARNING] The resource http://localhost:3000/_next/static/css/app/facturation-electronique/page.css?1780351200807 was preloaded using link preload but not used within a few seconds from the window's load event. Please make sure it has an appropriate `as` value and it is preloaded intentionally. @ http://localhost:3000/facturation-electronique:0
[ 1948449ms] [WARNING] The resource http://localhost:3000/_next/static/css/app/layout.css?1780351200805 was preloaded using link preload but not used within a few seconds from the window's load event. Please make sure it has an appropriate `as` value and it is preloaded intentionally. @ http://localhost:3000/facturation-electronique:0
[ 1948449ms] [WARNING] The resource http://localhost:3000/_next/static/css/app/layout.css?1780351208445 was preloaded using link preload but not used within a few seconds from the window's load event. Please make sure it has an appropriate `as` value and it is preloaded intentionally. @ http://localhost:3000/facturation-electronique:0
[ 1948449ms] [WARNING] The resource http://localhost:3000/_next/static/css/app/facturation-electronique/page.css?1780351208448 was preloaded using link preload but not used within a few seconds from the window's load event. Please make sure it has an appropriate `as` value and it is preloaded intentionally. @ http://localhost:3000/facturation-electronique:0
[ 2225499ms] [LOG] [Fast Refresh] rebuilding @ webpack-internal:///(app-pages-browser)/./node_modules/next/dist/client/dev/hot-reloader/app/hot-reloader-app.js:196
[ 2230953ms] [LOG] [Fast Refresh] rebuilding @ webpack-internal:///(app-pages-browser)/./node_modules/next/dist/client/dev/hot-reloader/app/hot-reloader-app.js:196
[ 2231056ms] [LOG] [Fast Refresh] done in 102ms @ webpack-internal:///(app-pages-browser)/./node_modules/next/dist/client/dev/report-hmr-latency.js:13
[ 2234067ms] [WARNING] The resource http://localhost:3000/_next/static/css/app/facturation-electronique/layout.css?1780351208446 was preloaded using link preload but not used within a few seconds from the window's load event. Please make sure it has an appropriate `as` value and it is preloaded intentionally. @ http://localhost:3000/facturation-electronique:0
[ 2234067ms] [WARNING] The resource http://localhost:3000/_next/static/css/app/facturation-electronique/layout.css?1780351200806 was preloaded using link preload but not used within a few seconds from the window's load event. Please make sure it has an appropriate `as` value and it is preloaded intentionally. @ http://localhost:3000/facturation-electronique:0
[ 2234067ms] [WARNING] The resource http://localhost:3000/_next/static/css/app/facturation-electronique/page.css?1780351200807 was preloaded using link preload but not used within a few seconds from the window's load event. Please make sure it has an appropriate `as` value and it is preloaded intentionally. @ http://localhost:3000/facturation-electronique:0
[ 2234067ms] [WARNING] The resource http://localhost:3000/_next/static/css/app/layout.css?1780351200805 was preloaded using link preload but not used within a few seconds from the window's load event. Please make sure it has an appropriate `as` value and it is preloaded intentionally. @ http://localhost:3000/facturation-electronique:0
[ 2234067ms] [WARNING] The resource http://localhost:3000/_next/static/css/app/layout.css?1780351208445 was preloaded using link preload but not used within a few seconds from the window's load event. Please make sure it has an appropriate `as` value and it is preloaded intentionally. @ http://localhost:3000/facturation-electronique:0
[ 2234067ms] [WARNING] The resource http://localhost:3000/_next/static/css/app/facturation-electronique/page.css?1780351208448 was preloaded using link preload but not used within a few seconds from the window's load event. Please make sure it has an appropriate `as` value and it is preloaded intentionally. @ http://localhost:3000/facturation-electronique:0
[ 2257301ms] [LOG] [Fast Refresh] rebuilding @ webpack-internal:///(app-pages-browser)/./node_modules/next/dist/client/dev/hot-reloader/app/hot-reloader-app.js:196
[ 2257517ms] [LOG] [Fast Refresh] done in 241ms @ webpack-internal:///(app-pages-browser)/./node_modules/next/dist/client/dev/report-hmr-latency.js:13
[ 2260529ms] [WARNING] The resource http://localhost:3000/_next/static/css/app/facturation-electronique/layout.css?1780351208446 was preloaded using link preload but not used within a few seconds from the window's load event. Please make sure it has an appropriate `as` value and it is preloaded intentionally. @ http://localhost:3000/facturation-electronique:0
[ 2260530ms] [WARNING] The resource http://localhost:3000/_next/static/css/app/facturation-electronique/layout.css?1780351200806 was preloaded using link preload but not used within a few seconds from the window's load event. Please make sure it has an appropriate `as` value and it is preloaded intentionally. @ http://localhost:3000/facturation-electronique:0
[ 2260530ms] [WARNING] The resource http://localhost:3000/_next/static/css/app/facturation-electronique/page.css?1780351200807 was preloaded using link preload but not used within a few seconds from the window's load event. Please make sure it has an appropriate `as` value and it is preloaded intentionally. @ http://localhost:3000/facturation-electronique:0
[ 2260530ms] [WARNING] The resource http://localhost:3000/_next/static/css/app/layout.css?1780351200805 was preloaded using link preload but not used within a few seconds from the window's load event. Please make sure it has an appropriate `as` value and it is preloaded intentionally. @ http://localhost:3000/facturation-electronique:0
[ 2260531ms] [WARNING] The resource http://localhost:3000/_next/static/css/app/layout.css?1780351208445 was preloaded using link preload but not used within a few seconds from the window's load event. Please make sure it has an appropriate `as` value and it is preloaded intentionally. @ http://localhost:3000/facturation-electronique:0
[ 2260531ms] [WARNING] The resource http://localhost:3000/_next/static/css/app/facturation-electronique/page.css?1780351208448 was preloaded using link preload but not used within a few seconds from the window's load event. Please make sure it has an appropriate `as` value and it is preloaded intentionally. @ http://localhost:3000/facturation-electronique:0
[ 2271080ms] [LOG] [Fast Refresh] done in 13803ms @ webpack-internal:///(app-pages-browser)/./node_modules/next/dist/client/dev/report-hmr-latency.js:13
[ 2274090ms] [WARNING] The resource http://localhost:3000/_next/static/css/app/facturation-electronique/layout.css?1780351208446 was preloaded using link preload but not used within a few seconds from the window's load event. Please make sure it has an appropriate `as` value and it is preloaded intentionally. @ http://localhost:3000/facturation-electronique:0
[ 2274091ms] [WARNING] The resource http://localhost:3000/_next/static/css/app/facturation-electronique/layout.css?1780351200806 was preloaded using link preload but not used within a few seconds from the window's load event. Please make sure it has an appropriate `as` value and it is preloaded intentionally. @ http://localhost:3000/facturation-electronique:0
[ 2274091ms] [WARNING] The resource http://localhost:3000/_next/static/css/app/facturation-electronique/page.css?1780351200807 was preloaded using link preload but not used within a few seconds from the window's load event. Please make sure it has an appropriate `as` value and it is preloaded intentionally. @ http://localhost:3000/facturation-electronique:0
[ 2274091ms] [WARNING] The resource http://localhost:3000/_next/static/css/app/layout.css?1780351200805 was preloaded using link preload but not used within a few seconds from the window's load event. Please make sure it has an appropriate `as` value and it is preloaded intentionally. @ http://localhost:3000/facturation-electronique:0
[ 2274091ms] [WARNING] The resource http://localhost:3000/_next/static/css/app/layout.css?1780351208445 was preloaded using link preload but not used within a few seconds from the window's load event. Please make sure it has an appropriate `as` value and it is preloaded intentionally. @ http://localhost:3000/facturation-electronique:0
[ 2274091ms] [WARNING] The resource http://localhost:3000/_next/static/css/app/facturation-electronique/page.css?1780351208448 was preloaded using link preload but not used within a few seconds from the window's load event. Please make sure it has an appropriate `as` value and it is preloaded intentionally. @ http://localhost:3000/facturation-electronique:0
[ 2280429ms] [WARNING] The resource http://localhost:3000/_next/static/css/app/facturation-electronique/layout.css?1780351208446 was preloaded using link preload but not used within a few seconds from the window's load event. Please make sure it has an appropriate `as` value and it is preloaded intentionally. @ http://localhost:3000/facturation-electronique:0
[ 2280429ms] [WARNING] The resource http://localhost:3000/_next/static/css/app/facturation-electronique/layout.css?1780351200806 was preloaded using link preload but not used within a few seconds from the window's load event. Please make sure it has an appropriate `as` value and it is preloaded intentionally. @ http://localhost:3000/facturation-electronique:0
[ 2280429ms] [WARNING] The resource http://localhost:3000/_next/static/css/app/facturation-electronique/page.css?1780351200807 was preloaded using link preload but not used within a few seconds from the window's load event. Please make sure it has an appropriate `as` value and it is preloaded intentionally. @ http://localhost:3000/facturation-electronique:0
[ 2280429ms] [WARNING] The resource http://localhost:3000/_next/static/css/app/layout.css?1780351200805 was preloaded using link preload but not used within a few seconds from the window's load event. Please make sure it has an appropriate `as` value and it is preloaded intentionally. @ http://localhost:3000/facturation-electronique:0
[ 2280429ms] [WARNING] The resource http://localhost:3000/_next/static/css/app/layout.css?1780351208445 was preloaded using link preload but not used within a few seconds from the window's load event. Please make sure it has an appropriate `as` value and it is preloaded intentionally. @ http://localhost:3000/facturation-electronique:0
[ 2280429ms] [WARNING] The resource http://localhost:3000/_next/static/css/app/facturation-electronique/page.css?1780351208448 was preloaded using link preload but not used within a few seconds from the window's load event. Please make sure it has an appropriate `as` value and it is preloaded intentionally. @ http://localhost:3000/facturation-electronique:0
[ 2328079ms] [LOG] [Fast Refresh] rebuilding @ webpack-internal:///(app-pages-browser)/./node_modules/next/dist/client/dev/hot-reloader/app/hot-reloader-app.js:196
[ 2330449ms] [LOG] [Fast Refresh] rebuilding @ webpack-internal:///(app-pages-browser)/./node_modules/next/dist/client/dev/hot-reloader/app/hot-reloader-app.js:196
[ 2330652ms] [LOG] [Fast Refresh] done in 203ms @ webpack-internal:///(app-pages-browser)/./node_modules/next/dist/client/dev/report-hmr-latency.js:13
[ 2334423ms] [WARNING] The resource http://localhost:3000/_next/static/css/app/facturation-electronique/layout.css?1780351208446 was preloaded using link preload but not used within a few seconds from the window's load event. Please make sure it has an appropriate `as` value and it is preloaded intentionally. @ http://localhost:3000/facturation-electronique:0
[ 2334423ms] [WARNING] The resource http://localhost:3000/_next/static/css/app/facturation-electronique/layout.css?1780351200806 was preloaded using link preload but not used within a few seconds from the window's load event. Please make sure it has an appropriate `as` value and it is preloaded intentionally. @ http://localhost:3000/facturation-electronique:0
[ 2334423ms] [WARNING] The resource http://localhost:3000/_next/static/css/app/facturation-electronique/page.css?1780351200807 was preloaded using link preload but not used within a few seconds from the window's load event. Please make sure it has an appropriate `as` value and it is preloaded intentionally. @ http://localhost:3000/facturation-electronique:0
[ 2334424ms] [WARNING] The resource http://localhost:3000/_next/static/css/app/layout.css?1780351200805 was preloaded using link preload but not used within a few seconds from the window's load event. Please make sure it has an appropriate `as` value and it is preloaded intentionally. @ http://localhost:3000/facturation-electronique:0
[ 2334424ms] [WARNING] The resource http://localhost:3000/_next/static/css/app/layout.css?1780351208445 was preloaded using link preload but not used within a few seconds from the window's load event. Please make sure it has an appropriate `as` value and it is preloaded intentionally. @ http://localhost:3000/facturation-electronique:0
[ 2334425ms] [WARNING] The resource http://localhost:3000/_next/static/css/app/facturation-electronique/page.css?1780351208448 was preloaded using link preload but not used within a few seconds from the window's load event. Please make sure it has an appropriate `as` value and it is preloaded intentionally. @ http://localhost:3000/facturation-electronique:0
[ 2336350ms] [LOG] [Fast Refresh] done in 5901ms @ webpack-internal:///(app-pages-browser)/./node_modules/next/dist/client/dev/report-hmr-latency.js:13
[ 2339306ms] [LOG] [Fast Refresh] rebuilding @ webpack-internal:///(app-pages-browser)/./node_modules/next/dist/client/dev/hot-reloader/app/hot-reloader-app.js:196
[ 2341177ms] [WARNING] The resource http://localhost:3000/_next/static/css/app/facturation-electronique/layout.css?1780351208446 was preloaded using link preload but not used within a few seconds from the window's load event. Please make sure it has an appropriate `as` value and it is preloaded intentionally. @ http://localhost:3000/facturation-electronique:0
[ 2341177ms] [WARNING] The resource http://localhost:3000/_next/static/css/app/facturation-electronique/layout.css?1780351200806 was preloaded using link preload but not used within a few seconds from the window's load event. Please make sure it has an appropriate `as` value and it is preloaded intentionally. @ http://localhost:3000/facturation-electronique:0
[ 2341177ms] [WARNING] The resource http://localhost:3000/_next/static/css/app/facturation-electronique/page.css?1780351200807 was preloaded using link preload but not used within a few seconds from the window's load event. Please make sure it has an appropriate `as` value and it is preloaded intentionally. @ http://localhost:3000/facturation-electronique:0
[ 2341177ms] [WARNING] The resource http://localhost:3000/_next/static/css/app/layout.css?1780351200805 was preloaded using link preload but not used within a few seconds from the window's load event. Please make sure it has an appropriate `as` value and it is preloaded intentionally. @ http://localhost:3000/facturation-electronique:0
[ 2341177ms] [WARNING] The resource http://localhost:3000/_next/static/css/app/layout.css?1780351208445 was preloaded using link preload but not used within a few seconds from the window's load event. Please make sure it has an appropriate `as` value and it is preloaded intentionally. @ http://localhost:3000/facturation-electronique:0
[ 2341177ms] [WARNING] The resource http://localhost:3000/_next/static/css/app/facturation-electronique/page.css?1780351208448 was preloaded using link preload but not used within a few seconds from the window's load event. Please make sure it has an appropriate `as` value and it is preloaded intentionally. @ http://localhost:3000/facturation-electronique:0
[ 2341682ms] [LOG] [Fast Refresh] rebuilding @ webpack-internal:///(app-pages-browser)/./node_modules/next/dist/client/dev/hot-reloader/app/hot-reloader-app.js:196
[ 2341724ms] [LOG] [Fast Refresh] done in 42ms @ webpack-internal:///(app-pages-browser)/./node_modules/next/dist/client/dev/report-hmr-latency.js:13
[ 2345078ms] [WARNING] The resource http://localhost:3000/_next/static/css/app/facturation-electronique/layout.css?1780351208446 was preloaded using link preload but not used within a few seconds from the window's load event. Please make sure it has an appropriate `as` value and it is preloaded intentionally. @ http://localhost:3000/facturation-electronique:0
[ 2345078ms] [WARNING] The resource http://localhost:3000/_next/static/css/app/facturation-electronique/layout.css?1780351200806 was preloaded using link preload but not used within a few seconds from the window's load event. Please make sure it has an appropriate `as` value and it is preloaded intentionally. @ http://localhost:3000/facturation-electronique:0
[ 2345078ms] [WARNING] The resource http://localhost:3000/_next/static/css/app/facturation-electronique/page.css?1780351200807 was preloaded using link preload but not used within a few seconds from the window's load event. Please make sure it has an appropriate `as` value and it is preloaded intentionally. @ http://localhost:3000/facturation-electronique:0
[ 2345078ms] [WARNING] The resource http://localhost:3000/_next/static/css/app/layout.css?1780351200805 was preloaded using link preload but not used within a few seconds from the window's load event. Please make sure it has an appropriate `as` value and it is preloaded intentionally. @ http://localhost:3000/facturation-electronique:0
[ 2345078ms] [WARNING] The resource http://localhost:3000/_next/static/css/app/layout.css?1780351208445 was preloaded using link preload but not used within a few seconds from the window's load event. Please make sure it has an appropriate `as` value and it is preloaded intentionally. @ http://localhost:3000/facturation-electronique:0
[ 2345078ms] [WARNING] The resource http://localhost:3000/_next/static/css/app/facturation-electronique/page.css?1780351208448 was preloaded using link preload but not used within a few seconds from the window's load event. Please make sure it has an appropriate `as` value and it is preloaded intentionally. @ http://localhost:3000/facturation-electronique:0
[ 2356181ms] [LOG] [Fast Refresh] done in 14499ms @ webpack-internal:///(app-pages-browser)/./node_modules/next/dist/client/dev/report-hmr-latency.js:13
[ 2359198ms] [WARNING] The resource http://localhost:3000/_next/static/css/app/facturation-electronique/layout.css?1780351208446 was preloaded using link preload but not used within a few seconds from the window's load event. Please make sure it has an appropriate `as` value and it is preloaded intentionally. @ http://localhost:3000/facturation-electronique:0
[ 2359198ms] [WARNING] The resource http://localhost:3000/_next/static/css/app/facturation-electronique/layout.css?1780351200806 was preloaded using link preload but not used within a few seconds from the window's load event. Please make sure it has an appropriate `as` value and it is preloaded intentionally. @ http://localhost:3000/facturation-electronique:0
[ 2359198ms] [WARNING] The resource http://localhost:3000/_next/static/css/app/facturation-electronique/page.css?1780351200807 was preloaded using link preload but not used within a few seconds from the window's load event. Please make sure it has an appropriate `as` value and it is preloaded intentionally. @ http://localhost:3000/facturation-electronique:0
[ 2359198ms] [WARNING] The resource http://localhost:3000/_next/static/css/app/layout.css?1780351200805 was preloaded using link preload but not used within a few seconds from the window's load event. Please make sure it has an appropriate `as` value and it is preloaded intentionally. @ http://localhost:3000/facturation-electronique:0
[ 2359198ms] [WARNING] The resource http://localhost:3000/_next/static/css/app/layout.css?1780351208445 was preloaded using link preload but not used within a few seconds from the window's load event. Please make sure it has an appropriate `as` value and it is preloaded intentionally. @ http://localhost:3000/facturation-electronique:0
[ 2359199ms] [WARNING] The resource http://localhost:3000/_next/static/css/app/facturation-electronique/page.css?1780351208448 was preloaded using link preload but not used within a few seconds from the window's load event. Please make sure it has an appropriate `as` value and it is preloaded intentionally. @ http://localhost:3000/facturation-electronique:0
[ 2364113ms] [WARNING] The resource http://localhost:3000/_next/static/css/app/facturation-electronique/layout.css?1780351208446 was preloaded using link preload but not used within a few seconds from the window's load event. Please make sure it has an appropriate `as` value and it is preloaded intentionally. @ http://localhost:3000/facturation-electronique:0
[ 2364114ms] [WARNING] The resource http://localhost:3000/_next/static/css/app/facturation-electronique/layout.css?1780351200806 was preloaded using link preload but not used within a few seconds from the window's load event. Please make sure it has an appropriate `as` value and it is preloaded intentionally. @ http://localhost:3000/facturation-electronique:0
[ 2364114ms] [WARNING] The resource http://localhost:3000/_next/static/css/app/facturation-electronique/page.css?1780351200807 was preloaded using link preload but not used within a few seconds from the window's load event. Please make sure it has an appropriate `as` value and it is preloaded intentionally. @ http://localhost:3000/facturation-electronique:0
[ 2364114ms] [WARNING] The resource http://localhost:3000/_next/static/css/app/layout.css?1780351200805 was preloaded using link preload but not used within a few seconds from the window's load event. Please make sure it has an appropriate `as` value and it is preloaded intentionally. @ http://localhost:3000/facturation-electronique:0
[ 2364115ms] [WARNING] The resource http://localhost:3000/_next/static/css/app/layout.css?1780351208445 was preloaded using link preload but not used within a few seconds from the window's load event. Please make sure it has an appropriate `as` value and it is preloaded intentionally. @ http://localhost:3000/facturation-electronique:0
[ 2364115ms] [WARNING] The resource http://localhost:3000/_next/static/css/app/facturation-electronique/page.css?1780351208448 was preloaded using link preload but not used within a few seconds from the window's load event. Please make sure it has an appropriate `as` value and it is preloaded intentionally. @ http://localhost:3000/facturation-electronique:0
[ 2376458ms] [LOG] [Fast Refresh] rebuilding @ webpack-internal:///(app-pages-browser)/./node_modules/next/dist/client/dev/hot-reloader/app/hot-reloader-app.js:196
[ 2383301ms] [LOG] [Fast Refresh] rebuilding @ webpack-internal:///(app-pages-browser)/./node_modules/next/dist/client/dev/hot-reloader/app/hot-reloader-app.js:196
[ 2383423ms] [LOG] [Fast Refresh] done in 122ms @ webpack-internal:///(app-pages-browser)/./node_modules/next/dist/client/dev/report-hmr-latency.js:13
[ 2386435ms] [WARNING] The resource http://localhost:3000/_next/static/css/app/facturation-electronique/layout.css?1780351208446 was preloaded using link preload but not used within a few seconds from the window's load event. Please make sure it has an appropriate `as` value and it is preloaded intentionally. @ http://localhost:3000/facturation-electronique:0
[ 2386435ms] [WARNING] The resource http://localhost:3000/_next/static/css/app/facturation-electronique/layout.css?1780351200806 was preloaded using link preload but not used within a few seconds from the window's load event. Please make sure it has an appropriate `as` value and it is preloaded intentionally. @ http://localhost:3000/facturation-electronique:0
[ 2386435ms] [WARNING] The resource http://localhost:3000/_next/static/css/app/facturation-electronique/page.css?1780351200807 was preloaded using link preload but not used within a few seconds from the window's load event. Please make sure it has an appropriate `as` value and it is preloaded intentionally. @ http://localhost:3000/facturation-electronique:0
[ 2386435ms] [WARNING] The resource http://localhost:3000/_next/static/css/app/layout.css?1780351200805 was preloaded using link preload but not used within a few seconds from the window's load event. Please make sure it has an appropriate `as` value and it is preloaded intentionally. @ http://localhost:3000/facturation-electronique:0
[ 2386435ms] [WARNING] The resource http://localhost:3000/_next/static/css/app/layout.css?1780351208445 was preloaded using link preload but not used within a few seconds from the window's load event. Please make sure it has an appropriate `as` value and it is preloaded intentionally. @ http://localhost:3000/facturation-electronique:0
[ 2386436ms] [WARNING] The resource http://localhost:3000/_next/static/css/app/facturation-electronique/page.css?1780351208448 was preloaded using link preload but not used within a few seconds from the window's load event. Please make sure it has an appropriate `as` value and it is preloaded intentionally. @ http://localhost:3000/facturation-electronique:0
[ 2393911ms] [LOG] [Fast Refresh] done in 10610ms @ webpack-internal:///(app-pages-browser)/./node_modules/next/dist/client/dev/report-hmr-latency.js:13
[ 2401778ms] [WARNING] The resource http://localhost:3000/_next/static/css/app/facturation-electronique/layout.css?1780351208446 was preloaded using link preload but not used within a few seconds from the window's load event. Please make sure it has an appropriate `as` value and it is preloaded intentionally. @ http://localhost:3000/facturation-electronique:0
[ 2401778ms] [WARNING] The resource http://localhost:3000/_next/static/css/app/facturation-electronique/layout.css?1780351200806 was preloaded using link preload but not used within a few seconds from the window's load event. Please make sure it has an appropriate `as` value and it is preloaded intentionally. @ http://localhost:3000/facturation-electronique:0
[ 2401778ms] [WARNING] The resource http://localhost:3000/_next/static/css/app/facturation-electronique/page.css?1780351200807 was preloaded using link preload but not used within a few seconds from the window's load event. Please make sure it has an appropriate `as` value and it is preloaded intentionally. @ http://localhost:3000/facturation-electronique:0
[ 2401778ms] [WARNING] The resource http://localhost:3000/_next/static/css/app/layout.css?1780351200805 was preloaded using link preload but not used within a few seconds from the window's load event. Please make sure it has an appropriate `as` value and it is preloaded intentionally. @ http://localhost:3000/facturation-electronique:0
[ 2401778ms] [WARNING] The resource http://localhost:3000/_next/static/css/app/layout.css?1780351208445 was preloaded using link preload but not used within a few seconds from the window's load event. Please make sure it has an appropriate `as` value and it is preloaded intentionally. @ http://localhost:3000/facturation-electronique:0
[ 2401778ms] [WARNING] The resource http://localhost:3000/_next/static/css/app/facturation-electronique/page.css?1780351208448 was preloaded using link preload but not used within a few seconds from the window's load event. Please make sure it has an appropriate `as` value and it is preloaded intentionally. @ http://localhost:3000/facturation-electronique:0
[ 2538402ms] [LOG] [Fast Refresh] rebuilding @ webpack-internal:///(app-pages-browser)/./node_modules/next/dist/client/dev/hot-reloader/app/hot-reloader-app.js:196
[ 2544453ms] [LOG] [Fast Refresh] rebuilding @ webpack-internal:///(app-pages-browser)/./node_modules/next/dist/client/dev/hot-reloader/app/hot-reloader-app.js:196
[ 2544619ms] [LOG] [Fast Refresh] done in 166ms @ webpack-internal:///(app-pages-browser)/./node_modules/next/dist/client/dev/report-hmr-latency.js:13
[ 2547699ms] [WARNING] The resource http://localhost:3000/_next/static/css/app/facturation-electronique/layout.css?1780351208446 was preloaded using link preload but not used within a few seconds from the window's load event. Please make sure it has an appropriate `as` value and it is preloaded intentionally. @ http://localhost:3000/facturation-electronique:0
[ 2547699ms] [WARNING] The resource http://localhost:3000/_next/static/css/app/facturation-electronique/layout.css?1780351200806 was preloaded using link preload but not used within a few seconds from the window's load event. Please make sure it has an appropriate `as` value and it is preloaded intentionally. @ http://localhost:3000/facturation-electronique:0
[ 2547699ms] [WARNING] The resource http://localhost:3000/_next/static/css/app/facturation-electronique/page.css?1780351200807 was preloaded using link preload but not used within a few seconds from the window's load event. Please make sure it has an appropriate `as` value and it is preloaded intentionally. @ http://localhost:3000/facturation-electronique:0
[ 2547699ms] [WARNING] The resource http://localhost:3000/_next/static/css/app/layout.css?1780351200805 was preloaded using link preload but not used within a few seconds from the window's load event. Please make sure it has an appropriate `as` value and it is preloaded intentionally. @ http://localhost:3000/facturation-electronique:0
[ 2547699ms] [WARNING] The resource http://localhost:3000/_next/static/css/app/layout.css?1780351208445 was preloaded using link preload but not used within a few seconds from the window's load event. Please make sure it has an appropriate `as` value and it is preloaded intentionally. @ http://localhost:3000/facturation-electronique:0
[ 2547699ms] [WARNING] The resource http://localhost:3000/_next/static/css/app/facturation-electronique/page.css?1780351208448 was preloaded using link preload but not used within a few seconds from the window's load event. Please make sure it has an appropriate `as` value and it is preloaded intentionally. @ http://localhost:3000/facturation-electronique:0
[ 2566826ms] [LOG] [Fast Refresh] done in 22373ms @ webpack-internal:///(app-pages-browser)/./node_modules/next/dist/client/dev/report-hmr-latency.js:13
[ 2569837ms] [WARNING] The resource http://localhost:3000/_next/static/css/app/facturation-electronique/layout.css?1780351208446 was preloaded using link preload but not used within a few seconds from the window's load event. Please make sure it has an appropriate `as` value and it is preloaded intentionally. @ http://localhost:3000/facturation-electronique:0
[ 2569837ms] [WARNING] The resource http://localhost:3000/_next/static/css/app/facturation-electronique/layout.css?1780351200806 was preloaded using link preload but not used within a few seconds from the window's load event. Please make sure it has an appropriate `as` value and it is preloaded intentionally. @ http://localhost:3000/facturation-electronique:0
[ 2569837ms] [WARNING] The resource http://localhost:3000/_next/static/css/app/facturation-electronique/page.css?1780351200807 was preloaded using link preload but not used within a few seconds from the window's load event. Please make sure it has an appropriate `as` value and it is preloaded intentionally. @ http://localhost:3000/facturation-electronique:0
[ 2569838ms] [WARNING] The resource http://localhost:3000/_next/static/css/app/layout.css?1780351200805 was preloaded using link preload but not used within a few seconds from the window's load event. Please make sure it has an appropriate `as` value and it is preloaded intentionally. @ http://localhost:3000/facturation-electronique:0
[ 2569838ms] [WARNING] The resource http://localhost:3000/_next/static/css/app/layout.css?1780351208445 was preloaded using link preload but not used within a few seconds from the window's load event. Please make sure it has an appropriate `as` value and it is preloaded intentionally. @ http://localhost:3000/facturation-electronique:0
[ 2569838ms] [WARNING] The resource http://localhost:3000/_next/static/css/app/facturation-electronique/page.css?1780351208448 was preloaded using link preload but not used within a few seconds from the window's load event. Please make sure it has an appropriate `as` value and it is preloaded intentionally. @ http://localhost:3000/facturation-electronique:0
[ 2578879ms] [WARNING] The resource http://localhost:3000/_next/static/css/app/facturation-electronique/layout.css?1780351208446 was preloaded using link preload but not used within a few seconds from the window's load event. Please make sure it has an appropriate `as` value and it is preloaded intentionally. @ http://localhost:3000/facturation-electronique:0
[ 2578880ms] [WARNING] The resource http://localhost:3000/_next/static/css/app/facturation-electronique/layout.css?1780351200806 was preloaded using link preload but not used within a few seconds from the window's load event. Please make sure it has an appropriate `as` value and it is preloaded intentionally. @ http://localhost:3000/facturation-electronique:0
[ 2578880ms] [WARNING] The resource http://localhost:3000/_next/static/css/app/facturation-electronique/page.css?1780351200807 was preloaded using link preload but not used within a few seconds from the window's load event. Please make sure it has an appropriate `as` value and it is preloaded intentionally. @ http://localhost:3000/facturation-electronique:0
[ 2578880ms] [WARNING] The resource http://localhost:3000/_next/static/css/app/layout.css?1780351200805 was preloaded using link preload but not used within a few seconds from the window's load event. Please make sure it has an appropriate `as` value and it is preloaded intentionally. @ http://localhost:3000/facturation-electronique:0
[ 2578880ms] [WARNING] The resource http://localhost:3000/_next/static/css/app/layout.css?1780351208445 was preloaded using link preload but not used within a few seconds from the window's load event. Please make sure it has an appropriate `as` value and it is preloaded intentionally. @ http://localhost:3000/facturation-electronique:0
[ 2578880ms] [WARNING] The resource http://localhost:3000/_next/static/css/app/facturation-electronique/page.css?1780351208448 was preloaded using link preload but not used within a few seconds from the window's load event. Please make sure it has an appropriate `as` value and it is preloaded intentionally. @ http://localhost:3000/facturation-electronique:0
[ 3191875ms] [LOG] [Fast Refresh] rebuilding @ webpack-internal:///(app-pages-browser)/./node_modules/next/dist/client/dev/hot-reloader/app/hot-reloader-app.js:196
[ 3204508ms] [LOG] [Fast Refresh] rebuilding @ webpack-internal:///(app-pages-browser)/./node_modules/next/dist/client/dev/hot-reloader/app/hot-reloader-app.js:196
[ 3204830ms] [LOG] [Fast Refresh] done in 320ms @ webpack-internal:///(app-pages-browser)/./node_modules/next/dist/client/dev/report-hmr-latency.js:13
[ 3207989ms] [WARNING] The resource http://localhost:3000/_next/static/css/app/facturation-electronique/layout.css?1780351208446 was preloaded using link preload but not used within a few seconds from the window's load event. Please make sure it has an appropriate `as` value and it is preloaded intentionally. @ http://localhost:3000/facturation-electronique:0
[ 3207991ms] [WARNING] The resource http://localhost:3000/_next/static/css/app/facturation-electronique/layout.css?1780351200806 was preloaded using link preload but not used within a few seconds from the window's load event. Please make sure it has an appropriate `as` value and it is preloaded intentionally. @ http://localhost:3000/facturation-electronique:0
[ 3208006ms] [WARNING] The resource http://localhost:3000/_next/static/css/app/facturation-electronique/page.css?1780351200807 was preloaded using link preload but not used within a few seconds from the window's load event. Please make sure it has an appropriate `as` value and it is preloaded intentionally. @ http://localhost:3000/facturation-electronique:0
[ 3208019ms] [WARNING] The resource http://localhost:3000/_next/static/css/app/layout.css?1780351200805 was preloaded using link preload but not used within a few seconds from the window's load event. Please make sure it has an appropriate `as` value and it is preloaded intentionally. @ http://localhost:3000/facturation-electronique:0
[ 3208019ms] [WARNING] The resource http://localhost:3000/_next/static/css/app/layout.css?1780351208445 was preloaded using link preload but not used within a few seconds from the window's load event. Please make sure it has an appropriate `as` value and it is preloaded intentionally. @ http://localhost:3000/facturation-electronique:0
[ 3208021ms] [WARNING] The resource http://localhost:3000/_next/static/css/app/facturation-electronique/page.css?1780351208448 was preloaded using link preload but not used within a few seconds from the window's load event. Please make sure it has an appropriate `as` value and it is preloaded intentionally. @ http://localhost:3000/facturation-electronique:0
[ 3218132ms] [LOG] [Fast Refresh] done in 13623ms @ webpack-internal:///(app-pages-browser)/./node_modules/next/dist/client/dev/report-hmr-latency.js:13
[ 3221137ms] [WARNING] The resource http://localhost:3000/_next/static/css/app/facturation-electronique/layout.css?1780351208446 was preloaded using link preload but not used within a few seconds from the window's load event. Please make sure it has an appropriate `as` value and it is preloaded intentionally. @ http://localhost:3000/facturation-electronique:0
[ 3221138ms] [WARNING] The resource http://localhost:3000/_next/static/css/app/facturation-electronique/layout.css?1780351200806 was preloaded using link preload but not used within a few seconds from the window's load event. Please make sure it has an appropriate `as` value and it is preloaded intentionally. @ http://localhost:3000/facturation-electronique:0
[ 3221138ms] [WARNING] The resource http://localhost:3000/_next/static/css/app/facturation-electronique/page.css?1780351200807 was preloaded using link preload but not used within a few seconds from the window's load event. Please make sure it has an appropriate `as` value and it is preloaded intentionally. @ http://localhost:3000/facturation-electronique:0
[ 3221138ms] [WARNING] The resource http://localhost:3000/_next/static/css/app/layout.css?1780351200805 was preloaded using link preload but not used within a few seconds from the window's load event. Please make sure it has an appropriate `as` value and it is preloaded intentionally. @ http://localhost:3000/facturation-electronique:0
[ 3221138ms] [WARNING] The resource http://localhost:3000/_next/static/css/app/layout.css?1780351208445 was preloaded using link preload but not used within a few seconds from the window's load event. Please make sure it has an appropriate `as` value and it is preloaded intentionally. @ http://localhost:3000/facturation-electronique:0
[ 3221138ms] [WARNING] The resource http://localhost:3000/_next/static/css/app/facturation-electronique/page.css?1780351208448 was preloaded using link preload but not used within a few seconds from the window's load event. Please make sure it has an appropriate `as` value and it is preloaded intentionally. @ http://localhost:3000/facturation-electronique:0
[ 3226535ms] [WARNING] The resource http://localhost:3000/_next/static/css/app/facturation-electronique/layout.css?1780351208446 was preloaded using link preload but not used within a few seconds from the window's load event. Please make sure it has an appropriate `as` value and it is preloaded intentionally. @ http://localhost:3000/facturation-electronique:0
[ 3226535ms] [WARNING] The resource http://localhost:3000/_next/static/css/app/facturation-electronique/layout.css?1780351200806 was preloaded using link preload but not used within a few seconds from the window's load event. Please make sure it has an appropriate `as` value and it is preloaded intentionally. @ http://localhost:3000/facturation-electronique:0
[ 3226535ms] [WARNING] The resource http://localhost:3000/_next/static/css/app/facturation-electronique/page.css?1780351200807 was preloaded using link preload but not used within a few seconds from the window's load event. Please make sure it has an appropriate `as` value and it is preloaded intentionally. @ http://localhost:3000/facturation-electronique:0
[ 3226535ms] [WARNING] The resource http://localhost:3000/_next/static/css/app/layout.css?1780351200805 was preloaded using link preload but not used within a few seconds from the window's load event. Please make sure it has an appropriate `as` value and it is preloaded intentionally. @ http://localhost:3000/facturation-electronique:0
[ 3226535ms] [WARNING] The resource http://localhost:3000/_next/static/css/app/layout.css?1780351208445 was preloaded using link preload but not used within a few seconds from the window's load event. Please make sure it has an appropriate `as` value and it is preloaded intentionally. @ http://localhost:3000/facturation-electronique:0
[ 3226535ms] [WARNING] The resource http://localhost:3000/_next/static/css/app/facturation-electronique/page.css?1780351208448 was preloaded using link preload but not used within a few seconds from the window's load event. Please make sure it has an appropriate `as` value and it is preloaded intentionally. @ http://localhost:3000/facturation-electronique:0
[27238882ms] [INFO] %cDownload the React DevTools for a better development experience: https://react.dev/link/react-devtools font-weight:bold @ webpack-internal:///(app-pages-browser)/./node_modules/next/dist/compiled/react-dom/cjs/react-dom-client.development.js:25630
[27239702ms] [WARNING] Crisp: Missing NEXT_PUBLIC_CRISP_WEBSITE_ID in environment variables @ webpack-internal:///(app-pages-browser)/./src/components/site/CrispChat.tsx:17
[27239722ms] [WARNING] Crisp: Missing NEXT_PUBLIC_CRISP_WEBSITE_ID in environment variables @ webpack-internal:///(app-pages-browser)/./src/components/site/CrispChat.tsx:17
[27246906ms] [INFO] %cDownload the React DevTools for a better development experience: https://react.dev/link/react-devtools font-weight:bold @ webpack-internal:///(app-pages-browser)/./node_modules/next/dist/compiled/react-dom/cjs/react-dom-client.development.js:25630
[27267323ms] [LOG] [Fast Refresh] rebuilding @ webpack-internal:///(app-pages-browser)/./node_modules/next/dist/client/dev/hot-reloader/app/hot-reloader-app.js:196
[27283354ms] [LOG] [Fast Refresh] rebuilding @ webpack-internal:///(app-pages-browser)/./node_modules/next/dist/client/dev/hot-reloader/app/hot-reloader-app.js:196
[27287200ms] [LOG] [Fast Refresh] done in 3845ms @ webpack-internal:///(app-pages-browser)/./node_modules/next/dist/client/dev/report-hmr-latency.js:13
[27291250ms] [INFO] %cDownload the React DevTools for a better development experience: https://react.dev/link/react-devtools font-weight:bold @ webpack-internal:///(app-pages-browser)/./node_modules/next/dist/compiled/react-dom/cjs/react-dom-client.development.js:25630
[27294311ms] [WARNING] Detected `scroll-behavior: smooth` on the `<html>` element. In a future version, Next.js will no longer automatically disable smooth scrolling during route transitions. To prepare for this change, add `data-scroll-behavior="smooth"` to your <html> element. Learn more: https://nextjs.org/docs/messages/missing-data-scroll-behavior @ webpack-internal:///(app-pages-browser)/./node_modules/next/dist/shared/lib/utils/warn-once.js:15
[27294464ms] [ERROR] Failed to load resource: net::ERR_NAME_NOT_RESOLVED @ https://pygldassonabcdukctsx.supabase.co/rest/v1/leads?select=status%2Cbudget%2Csource%2Cproduct_source%2Ccreated_at:0
[27294465ms] [ERROR] Failed to load resource: net::ERR_NAME_NOT_RESOLVED @ https://pygldassonabcdukctsx.supabase.co/rest/v1/leads?select=status%2Cbudget%2Csource%2Cproduct_source%2Ccreated_at:0
[27314103ms] [LOG] [Fast Refresh] rebuilding @ webpack-internal:///(app-pages-browser)/./node_modules/next/dist/client/dev/hot-reloader/app/hot-reloader-app.js:196
[27316792ms] [LOG] [Fast Refresh] done in 2689ms @ webpack-internal:///(app-pages-browser)/./node_modules/next/dist/client/dev/report-hmr-latency.js:13
[27327609ms] [LOG] [Fast Refresh] rebuilding @ webpack-internal:///(app-pages-browser)/./node_modules/next/dist/client/dev/hot-reloader/app/hot-reloader-app.js:196
[27335933ms] [LOG] [Fast Refresh] rebuilding @ webpack-internal:///(app-pages-browser)/./node_modules/next/dist/client/dev/hot-reloader/app/hot-reloader-app.js:196
[27336057ms] [LOG] [Fast Refresh] done in 124ms @ webpack-internal:///(app-pages-browser)/./node_modules/next/dist/client/dev/report-hmr-latency.js:13
[27355385ms] [LOG] [Fast Refresh] done in 19452ms @ webpack-internal:///(app-pages-browser)/./node_modules/next/dist/client/dev/report-hmr-latency.js:13
[27464724ms] [LOG] [Fast Refresh] rebuilding @ webpack-internal:///(app-pages-browser)/./node_modules/next/dist/client/dev/hot-reloader/app/hot-reloader-app.js:196
[27481718ms] [LOG] [Fast Refresh] done in 16993ms @ webpack-internal:///(app-pages-browser)/./node_modules/next/dist/client/dev/report-hmr-latency.js:13
