[    2230ms] [INFO] %cDownload the React DevTools for a better development experience: https://react.dev/link/react-devtools font-weight:bold @ webpack-internal:///(app-pages-browser)/./node_modules/next/dist/compiled/react-dom/cjs/react-dom-client.development.js:25630
[   57159ms] [LOG] [Fast Refresh] rebuilding @ webpack-internal:///(app-pages-browser)/./node_modules/next/dist/client/dev/hot-reloader/app/hot-reloader-app.js:196
[   59718ms] [LOG] [Fast Refresh] rebuilding @ webpack-internal:///(app-pages-browser)/./node_modules/next/dist/client/dev/hot-reloader/app/hot-reloader-app.js:196
[   59778ms] [LOG] [Fast Refresh] done in 60ms @ webpack-internal:///(app-pages-browser)/./node_modules/next/dist/client/dev/report-hmr-latency.js:13
[   64743ms] [LOG] [Fast Refresh] done in 5025ms @ webpack-internal:///(app-pages-browser)/./node_modules/next/dist/client/dev/report-hmr-latency.js:13
[   64749ms] [LOG] [HMR] Detected local css modules. Reload all css @ webpack-internal:///(app-pages-browser)/./node_modules/next/dist/compiled/mini-css-extract-plugin/hmr/hotModuleReplacement.js:1
[   65209ms] [LOG] [Fast Refresh] rebuilding @ webpack-internal:///(app-pages-browser)/./node_modules/next/dist/client/dev/hot-reloader/app/hot-reloader-app.js:196
[   66937ms] [LOG] [Fast Refresh] done in 1727ms @ webpack-internal:///(app-pages-browser)/./node_modules/next/dist/client/dev/report-hmr-latency.js:13
[   66940ms] [LOG] [HMR] Detected local css modules. Reload all css @ webpack-internal:///(app-pages-browser)/./node_modules/next/dist/compiled/mini-css-extract-plugin/hmr/hotModuleReplacement.js:1
[   70678ms] [LOG] [Fast Refresh] rebuilding @ webpack-internal:///(app-pages-browser)/./node_modules/next/dist/client/dev/hot-reloader/app/hot-reloader-app.js:196
[   71729ms] [LOG] [Fast Refresh] rebuilding @ webpack-internal:///(app-pages-browser)/./node_modules/next/dist/client/dev/hot-reloader/app/hot-reloader-app.js:196
[   71775ms] [LOG] [Fast Refresh] done in 46ms @ webpack-internal:///(app-pages-browser)/./node_modules/next/dist/client/dev/report-hmr-latency.js:13
[   74272ms] [LOG] [Fast Refresh] done in 2544ms @ webpack-internal:///(app-pages-browser)/./node_modules/next/dist/client/dev/report-hmr-latency.js:13
[   74277ms] [LOG] [HMR] Detected local css modules. Reload all css @ webpack-internal:///(app-pages-browser)/./node_modules/next/dist/compiled/mini-css-extract-plugin/hmr/hotModuleReplacement.js:1
[   76333ms] [LOG] [Fast Refresh] rebuilding @ webpack-internal:///(app-pages-browser)/./node_modules/next/dist/client/dev/hot-reloader/app/hot-reloader-app.js:196
[   77378ms] [LOG] [Fast Refresh] rebuilding @ webpack-internal:///(app-pages-browser)/./node_modules/next/dist/client/dev/hot-reloader/app/hot-reloader-app.js:196
[   77454ms] [LOG] [Fast Refresh] done in 77ms @ webpack-internal:///(app-pages-browser)/./node_modules/next/dist/client/dev/report-hmr-latency.js:13
[   79766ms] [LOG] [Fast Refresh] done in 2388ms @ webpack-internal:///(app-pages-browser)/./node_modules/next/dist/client/dev/report-hmr-latency.js:13
[   79770ms] [LOG] [HMR] Detected local css modules. Reload all css @ webpack-internal:///(app-pages-browser)/./node_modules/next/dist/compiled/mini-css-extract-plugin/hmr/hotModuleReplacement.js:1
[   82446ms] [LOG] [Fast Refresh] rebuilding @ webpack-internal:///(app-pages-browser)/./node_modules/next/dist/client/dev/hot-reloader/app/hot-reloader-app.js:196
[   83325ms] [LOG] [Fast Refresh] rebuilding @ webpack-internal:///(app-pages-browser)/./node_modules/next/dist/client/dev/hot-reloader/app/hot-reloader-app.js:196
[   83383ms] [LOG] [Fast Refresh] done in 57ms @ webpack-internal:///(app-pages-browser)/./node_modules/next/dist/client/dev/report-hmr-latency.js:13
[   85727ms] [LOG] [Fast Refresh] done in 2402ms @ webpack-internal:///(app-pages-browser)/./node_modules/next/dist/client/dev/report-hmr-latency.js:13
[   85731ms] [LOG] [HMR] Detected local css modules. Reload all css @ webpack-internal:///(app-pages-browser)/./node_modules/next/dist/compiled/mini-css-extract-plugin/hmr/hotModuleReplacement.js:1
[   86477ms] [LOG] [Fast Refresh] rebuilding @ webpack-internal:///(app-pages-browser)/./node_modules/next/dist/client/dev/hot-reloader/app/hot-reloader-app.js:196
[   87633ms] [LOG] [Fast Refresh] rebuilding @ webpack-internal:///(app-pages-browser)/./node_modules/next/dist/client/dev/hot-reloader/app/hot-reloader-app.js:196
[   87686ms] [LOG] [Fast Refresh] done in 52ms @ webpack-internal:///(app-pages-browser)/./node_modules/next/dist/client/dev/report-hmr-latency.js:13
[   89842ms] [LOG] [Fast Refresh] done in 2209ms @ webpack-internal:///(app-pages-browser)/./node_modules/next/dist/client/dev/report-hmr-latency.js:13
[   89846ms] [LOG] [HMR] Detected local css modules. Reload all css @ webpack-internal:///(app-pages-browser)/./node_modules/next/dist/compiled/mini-css-extract-plugin/hmr/hotModuleReplacement.js:1
[   90514ms] [LOG] [Fast Refresh] rebuilding @ webpack-internal:///(app-pages-browser)/./node_modules/next/dist/client/dev/hot-reloader/app/hot-reloader-app.js:196
[   91657ms] [LOG] [Fast Refresh] rebuilding @ webpack-internal:///(app-pages-browser)/./node_modules/next/dist/client/dev/hot-reloader/app/hot-reloader-app.js:196
[   91981ms] [LOG] [Fast Refresh] done in 324ms @ webpack-internal:///(app-pages-browser)/./node_modules/next/dist/client/dev/report-hmr-latency.js:13
[   93653ms] [LOG] [Fast Refresh] done in 1996ms @ webpack-internal:///(app-pages-browser)/./node_modules/next/dist/client/dev/report-hmr-latency.js:13
[   93658ms] [LOG] [HMR] Detected local css modules. Reload all css @ webpack-internal:///(app-pages-browser)/./node_modules/next/dist/compiled/mini-css-extract-plugin/hmr/hotModuleReplacement.js:1
[   95468ms] [LOG] [Fast Refresh] rebuilding @ webpack-internal:///(app-pages-browser)/./node_modules/next/dist/client/dev/hot-reloader/app/hot-reloader-app.js:196
[   96697ms] [LOG] [Fast Refresh] rebuilding @ webpack-internal:///(app-pages-browser)/./node_modules/next/dist/client/dev/hot-reloader/app/hot-reloader-app.js:196
[   96992ms] [LOG] [Fast Refresh] done in 295ms @ webpack-internal:///(app-pages-browser)/./node_modules/next/dist/client/dev/report-hmr-latency.js:13
[  100011ms] [WARNING] The resource http://localhost:3000/_next/static/css/app/layout.css?1780337048441 was preloaded using link preload but not used within a few seconds from the window's load event. Please make sure it has an appropriate `as` value and it is preloaded intentionally. @ http://localhost:3000/facturation-electronique:0
[  100011ms] [WARNING] The resource http://localhost:3000/_next/static/css/app/layout.css?1780337040509 was preloaded using link preload but not used within a few seconds from the window's load event. Please make sure it has an appropriate `as` value and it is preloaded intentionally. @ http://localhost:3000/facturation-electronique:0
[  100011ms] [WARNING] The resource http://localhost:3000/_next/static/css/app/facturation-electronique/page.css?1780337048442 was preloaded using link preload but not used within a few seconds from the window's load event. Please make sure it has an appropriate `as` value and it is preloaded intentionally. @ http://localhost:3000/facturation-electronique:0
[  100012ms] [WARNING] The resource http://localhost:3000/_next/static/css/app/facturation-electronique/layout.css?1780337029052 was preloaded using link preload but not used within a few seconds from the window's load event. Please make sure it has an appropriate `as` value and it is preloaded intentionally. @ http://localhost:3000/facturation-electronique:0
[  100012ms] [WARNING] The resource http://localhost:3000/_next/static/css/app/facturation-electronique/layout.css?1780337029051 was preloaded using link preload but not used within a few seconds from the window's load event. Please make sure it has an appropriate `as` value and it is preloaded intentionally. @ http://localhost:3000/facturation-electronique:0
[  100012ms] [WARNING] The resource http://localhost:3000/_next/static/css/app/layout.css?1780337021713 was preloaded using link preload but not used within a few seconds from the window's load event. Please make sure it has an appropriate `as` value and it is preloaded intentionally. @ http://localhost:3000/facturation-electronique:0
[  100012ms] [WARNING] The resource http://localhost:3000/_next/static/css/app/facturation-electronique/layout.css?1780337048435 was preloaded using link preload but not used within a few seconds from the window's load event. Please make sure it has an appropriate `as` value and it is preloaded intentionally. @ http://localhost:3000/facturation-electronique:0
[  100012ms] [WARNING] The resource http://localhost:3000/_next/static/css/app/layout.css?1780337034548 was preloaded using link preload but not used within a few seconds from the window's load event. Please make sure it has an appropriate `as` value and it is preloaded intentionally. @ http://localhost:3000/facturation-electronique:0
[  100012ms] [WARNING] The resource http://localhost:3000/_next/static/css/app/facturation-electronique/layout.css?1780337040509 was preloaded using link preload but not used within a few seconds from the window's load event. Please make sure it has an appropriate `as` value and it is preloaded intentionally. @ http://localhost:3000/facturation-electronique:0
[  100012ms] [WARNING] The resource http://localhost:3000/_next/static/css/app/layout.css?1780337048437 was preloaded using link preload but not used within a few seconds from the window's load event. Please make sure it has an appropriate `as` value and it is preloaded intentionally. @ http://localhost:3000/facturation-electronique:0
[  100012ms] [WARNING] The resource http://localhost:3000/_next/static/css/app/facturation-electronique/page.css?1780337040510 was preloaded using link preload but not used within a few seconds from the window's load event. Please make sure it has an appropriate `as` value and it is preloaded intentionally. @ http://localhost:3000/facturation-electronique:0
[  100012ms] [WARNING] The resource http://localhost:3000/_next/static/css/app/facturation-electronique/page.css?1780337029053 was preloaded using link preload but not used within a few seconds from the window's load event. Please make sure it has an appropriate `as` value and it is preloaded intentionally. @ http://localhost:3000/facturation-electronique:0
[  100012ms] [WARNING] The resource http://localhost:3000/_next/static/css/app/facturation-electronique/page.css?1780337044626 was preloaded using link preload but not used within a few seconds from the window's load event. Please make sure it has an appropriate `as` value and it is preloaded intentionally. @ http://localhost:3000/facturation-electronique:0
[  100012ms] [WARNING] The resource http://localhost:3000/_next/static/css/app/facturation-electronique/layout.css?1780337040506 was preloaded using link preload but not used within a few seconds from the window's load event. Please make sure it has an appropriate `as` value and it is preloaded intentionally. @ http://localhost:3000/facturation-electronique:0
[  100012ms] [WARNING] The resource http://localhost:3000/_next/static/css/app/facturation-electronique/page.css?1780337034547 was preloaded using link preload but not used within a few seconds from the window's load event. Please make sure it has an appropriate `as` value and it is preloaded intentionally. @ http://localhost:3000/facturation-electronique:0
[  100012ms] [WARNING] The resource http://localhost:3000/_next/static/css/app/facturation-electronique/layout.css?1780337048432 was preloaded using link preload but not used within a few seconds from the window's load event. Please make sure it has an appropriate `as` value and it is preloaded intentionally. @ http://localhost:3000/facturation-electronique:0
[  100012ms] [WARNING] The resource http://localhost:3000/_next/static/css/app/layout.css?1780337040510 was preloaded using link preload but not used within a few seconds from the window's load event. Please make sure it has an appropriate `as` value and it is preloaded intentionally. @ http://localhost:3000/facturation-electronique:0
[  100012ms] [WARNING] The resource http://localhost:3000/_next/static/css/app/facturation-electronique/layout.css?1780337034546 was preloaded using link preload but not used within a few seconds from the window's load event. Please make sure it has an appropriate `as` value and it is preloaded intentionally. @ http://localhost:3000/facturation-electronique:0
[  100012ms] [WARNING] The resource http://localhost:3000/_next/static/css/app/layout.css?1780337048439 was preloaded using link preload but not used within a few seconds from the window's load event. Please make sure it has an appropriate `as` value and it is preloaded intentionally. @ http://localhost:3000/facturation-electronique:0
[  100012ms] [WARNING] The resource http://localhost:3000/_next/static/css/app/facturation-electronique/layout.css?1780337034544 was preloaded using link preload but not used within a few seconds from the window's load event. Please make sure it has an appropriate `as` value and it is preloaded intentionally. @ http://localhost:3000/facturation-electronique:0
[  100013ms] [WARNING] The resource http://localhost:3000/_next/static/css/app/facturation-electronique/page.css?1780337044623 was preloaded using link preload but not used within a few seconds from the window's load event. Please make sure it has an appropriate `as` value and it is preloaded intentionally. @ http://localhost:3000/facturation-electronique:0
[  100013ms] [WARNING] The resource http://localhost:3000/_next/static/css/app/facturation-electronique/page.css?1780337044621 was preloaded using link preload but not used within a few seconds from the window's load event. Please make sure it has an appropriate `as` value and it is preloaded intentionally. @ http://localhost:3000/facturation-electronique:0
[  100013ms] [WARNING] The resource http://localhost:3000/_next/static/css/app/facturation-electronique/layout.css?1780337044622 was preloaded using link preload but not used within a few seconds from the window's load event. Please make sure it has an appropriate `as` value and it is preloaded intentionally. @ http://localhost:3000/facturation-electronique:0
[  100013ms] [WARNING] The resource http://localhost:3000/_next/static/css/app/facturation-electronique/page.css?1780337040508 was preloaded using link preload but not used within a few seconds from the window's load event. Please make sure it has an appropriate `as` value and it is preloaded intentionally. @ http://localhost:3000/facturation-electronique:0
[  100013ms] [WARNING] The resource http://localhost:3000/_next/static/css/app/facturation-electronique/page.css?1780337040511 was preloaded using link preload but not used within a few seconds from the window's load event. Please make sure it has an appropriate `as` value and it is preloaded intentionally. @ http://localhost:3000/facturation-electronique:0
[  100013ms] [WARNING] The resource http://localhost:3000/_next/static/css/app/layout.css?1780337044621 was preloaded using link preload but not used within a few seconds from the window's load event. Please make sure it has an appropriate `as` value and it is preloaded intentionally. @ http://localhost:3000/facturation-electronique:0
[  100013ms] [WARNING] The resource http://localhost:3000/_next/static/css/app/layout.css?1780337034546 was preloaded using link preload but not used within a few seconds from the window's load event. Please make sure it has an appropriate `as` value and it is preloaded intentionally. @ http://localhost:3000/facturation-electronique:0
[  100013ms] [WARNING] The resource http://localhost:3000/_next/static/css/app/facturation-electronique/layout.css?1780337040508 was preloaded using link preload but not used within a few seconds from the window's load event. Please make sure it has an appropriate `as` value and it is preloaded intentionally. @ http://localhost:3000/facturation-electronique:0
[  100013ms] [WARNING] The resource http://localhost:3000/_next/static/css/app/facturation-electronique/page.css?1780337048435 was preloaded using link preload but not used within a few seconds from the window's load event. Please make sure it has an appropriate `as` value and it is preloaded intentionally. @ http://localhost:3000/facturation-electronique:0
[  100013ms] [WARNING] The resource http://localhost:3000/_next/static/css/app/facturation-electronique/page.css?1780337048437 was preloaded using link preload but not used within a few seconds from the window's load event. Please make sure it has an appropriate `as` value and it is preloaded intentionally. @ http://localhost:3000/facturation-electronique:0
[  100013ms] [WARNING] The resource http://localhost:3000/_next/static/css/app/facturation-electronique/layout.css?1780337044620 was preloaded using link preload but not used within a few seconds from the window's load event. Please make sure it has an appropriate `as` value and it is preloaded intentionally. @ http://localhost:3000/facturation-electronique:0
[  100013ms] [WARNING] The resource http://localhost:3000/_next/static/css/app/facturation-electronique/layout.css?1780337034548 was preloaded using link preload but not used within a few seconds from the window's load event. Please make sure it has an appropriate `as` value and it is preloaded intentionally. @ http://localhost:3000/facturation-electronique:0
[  100013ms] [WARNING] The resource http://localhost:3000/_next/static/css/app/facturation-electronique/page.css?1780337040506 was preloaded using link preload but not used within a few seconds from the window's load event. Please make sure it has an appropriate `as` value and it is preloaded intentionally. @ http://localhost:3000/facturation-electronique:0
[  100013ms] [WARNING] The resource http://localhost:3000/_next/static/css/app/facturation-electronique/layout.css?1780337048437 was preloaded using link preload but not used within a few seconds from the window's load event. Please make sure it has an appropriate `as` value and it is preloaded intentionally. @ http://localhost:3000/facturation-electronique:0
[  100013ms] [WARNING] The resource http://localhost:3000/_next/static/css/app/layout.css?1780337040507 was preloaded using link preload but not used within a few seconds from the window's load event. Please make sure it has an appropriate `as` value and it is preloaded intentionally. @ http://localhost:3000/facturation-electronique:0
[  100013ms] [WARNING] The resource http://localhost:3000/_next/static/css/app/facturation-electronique/page.css?1780337044622 was preloaded using link preload but not used within a few seconds from the window's load event. Please make sure it has an appropriate `as` value and it is preloaded intentionally. @ http://localhost:3000/facturation-electronique:0
[  100013ms] [WARNING] The resource http://localhost:3000/_next/static/css/app/layout.css?1780337034544 was preloaded using link preload but not used within a few seconds from the window's load event. Please make sure it has an appropriate `as` value and it is preloaded intentionally. @ http://localhost:3000/facturation-electronique:0
[  100013ms] [WARNING] The resource http://localhost:3000/_next/static/css/app/layout.css?1780337044625 was preloaded using link preload but not used within a few seconds from the window's load event. Please make sure it has an appropriate `as` value and it is preloaded intentionally. @ http://localhost:3000/facturation-electronique:0
[  100013ms] [WARNING] The resource http://localhost:3000/_next/static/css/app/facturation-electronique/layout.css?1780337044626 was preloaded using link preload but not used within a few seconds from the window's load event. Please make sure it has an appropriate `as` value and it is preloaded intentionally. @ http://localhost:3000/facturation-electronique:0
[  100013ms] [WARNING] The resource http://localhost:3000/_next/static/css/app/layout.css?1780337048432 was preloaded using link preload but not used within a few seconds from the window's load event. Please make sure it has an appropriate `as` value and it is preloaded intentionally. @ http://localhost:3000/facturation-electronique:0
[  100013ms] [WARNING] The resource http://localhost:3000/_next/static/css/app/facturation-electronique/page.css?1780337048433 was preloaded using link preload but not used within a few seconds from the window's load event. Please make sure it has an appropriate `as` value and it is preloaded intentionally. @ http://localhost:3000/facturation-electronique:0
[  100013ms] [WARNING] The resource http://localhost:3000/_next/static/css/app/layout.css?1780337044624 was preloaded using link preload but not used within a few seconds from the window's load event. Please make sure it has an appropriate `as` value and it is preloaded intentionally. @ http://localhost:3000/facturation-electronique:0
[  100013ms] [WARNING] The resource http://localhost:3000/_next/static/css/app/facturation-electronique/layout.css?1780337048441 was preloaded using link preload but not used within a few seconds from the window's load event. Please make sure it has an appropriate `as` value and it is preloaded intentionally. @ http://localhost:3000/facturation-electronique:0
[  100013ms] [WARNING] The resource http://localhost:3000/_next/static/css/app/layout.css?1780337048436 was preloaded using link preload but not used within a few seconds from the window's load event. Please make sure it has an appropriate `as` value and it is preloaded intentionally. @ http://localhost:3000/facturation-electronique:0
[  100014ms] [WARNING] The resource http://localhost:3000/_next/static/css/app/layout.css?1780337029050 was preloaded using link preload but not used within a few seconds from the window's load event. Please make sure it has an appropriate `as` value and it is preloaded intentionally. @ http://localhost:3000/facturation-electronique:0
[  100014ms] [WARNING] The resource http://localhost:3000/_next/static/css/app/layout.css?1780337048434 was preloaded using link preload but not used within a few seconds from the window's load event. Please make sure it has an appropriate `as` value and it is preloaded intentionally. @ http://localhost:3000/facturation-electronique:0
[  100014ms] [WARNING] The resource http://localhost:3000/_next/static/css/app/facturation-electronique/page.css?1780337048440 was preloaded using link preload but not used within a few seconds from the window's load event. Please make sure it has an appropriate `as` value and it is preloaded intentionally. @ http://localhost:3000/facturation-electronique:0
[  100014ms] [WARNING] The resource http://localhost:3000/_next/static/css/app/facturation-electronique/page.css?1780337021715 was preloaded using link preload but not used within a few seconds from the window's load event. Please make sure it has an appropriate `as` value and it is preloaded intentionally. @ http://localhost:3000/facturation-electronique:0
[  100014ms] [WARNING] The resource http://localhost:3000/_next/static/css/app/facturation-electronique/layout.css?1780337044623 was preloaded using link preload but not used within a few seconds from the window's load event. Please make sure it has an appropriate `as` value and it is preloaded intentionally. @ http://localhost:3000/facturation-electronique:0
[  100014ms] [WARNING] The resource http://localhost:3000/_next/static/css/app/layout.css?1780337044620 was preloaded using link preload but not used within a few seconds from the window's load event. Please make sure it has an appropriate `as` value and it is preloaded intentionally. @ http://localhost:3000/facturation-electronique:0
[  100014ms] [WARNING] The resource http://localhost:3000/_next/static/css/app/facturation-electronique/page.css?1780337029051 was preloaded using link preload but not used within a few seconds from the window's load event. Please make sure it has an appropriate `as` value and it is preloaded intentionally. @ http://localhost:3000/facturation-electronique:0
[  100014ms] [WARNING] The resource http://localhost:3000/_next/static/css/app/facturation-electronique/page.css?1780337034549 was preloaded using link preload but not used within a few seconds from the window's load event. Please make sure it has an appropriate `as` value and it is preloaded intentionally. @ http://localhost:3000/facturation-electronique:0
[  100014ms] [WARNING] The resource http://localhost:3000/_next/static/css/app/facturation-electronique/layout.css?1780337048440 was preloaded using link preload but not used within a few seconds from the window's load event. Please make sure it has an appropriate `as` value and it is preloaded intentionally. @ http://localhost:3000/facturation-electronique:0
[  100014ms] [WARNING] The resource http://localhost:3000/_next/static/css/app/facturation-electronique/page.css?1780337044625 was preloaded using link preload but not used within a few seconds from the window's load event. Please make sure it has an appropriate `as` value and it is preloaded intentionally. @ http://localhost:3000/facturation-electronique:0
[  100014ms] [WARNING] The resource http://localhost:3000/_next/static/css/app/facturation-electronique/page.css?1780337048438 was preloaded using link preload but not used within a few seconds from the window's load event. Please make sure it has an appropriate `as` value and it is preloaded intentionally. @ http://localhost:3000/facturation-electronique:0
[  100014ms] [WARNING] The resource http://localhost:3000/_next/static/css/app/layout.css?1780337040505 was preloaded using link preload but not used within a few seconds from the window's load event. Please make sure it has an appropriate `as` value and it is preloaded intentionally. @ http://localhost:3000/facturation-electronique:0
[  100014ms] [WARNING] The resource http://localhost:3000/_next/static/css/app/facturation-electronique/layout.css?1780337048438 was preloaded using link preload but not used within a few seconds from the window's load event. Please make sure it has an appropriate `as` value and it is preloaded intentionally. @ http://localhost:3000/facturation-electronique:0
[  100014ms] [WARNING] The resource http://localhost:3000/_next/static/css/app/facturation-electronique/layout.css?1780337044624 was preloaded using link preload but not used within a few seconds from the window's load event. Please make sure it has an appropriate `as` value and it is preloaded intentionally. @ http://localhost:3000/facturation-electronique:0
[  100014ms] [WARNING] The resource http://localhost:3000/_next/static/css/app/facturation-electronique/page.css?1780337034545 was preloaded using link preload but not used within a few seconds from the window's load event. Please make sure it has an appropriate `as` value and it is preloaded intentionally. @ http://localhost:3000/facturation-electronique:0
[  100014ms] [WARNING] The resource http://localhost:3000/_next/static/css/app/facturation-electronique/layout.css?1780337021715 was preloaded using link preload but not used within a few seconds from the window's load event. Please make sure it has an appropriate `as` value and it is preloaded intentionally. @ http://localhost:3000/facturation-electronique:0
[  100014ms] [WARNING] The resource http://localhost:3000/_next/static/css/app/layout.css?1780337029052 was preloaded using link preload but not used within a few seconds from the window's load event. Please make sure it has an appropriate `as` value and it is preloaded intentionally. @ http://localhost:3000/facturation-electronique:0
[  100014ms] [WARNING] The resource http://localhost:3000/_next/static/css/app/facturation-electronique/layout.css?1780337040511 was preloaded using link preload but not used within a few seconds from the window's load event. Please make sure it has an appropriate `as` value and it is preloaded intentionally. @ http://localhost:3000/facturation-electronique:0
[  100014ms] [WARNING] The resource http://localhost:3000/_next/static/css/app/layout.css?1780337044623 was preloaded using link preload but not used within a few seconds from the window's load event. Please make sure it has an appropriate `as` value and it is preloaded intentionally. @ http://localhost:3000/facturation-electronique:0
[  102475ms] [LOG] [Fast Refresh] done in 5778ms @ webpack-internal:///(app-pages-browser)/./node_modules/next/dist/client/dev/report-hmr-latency.js:13
[  106182ms] [WARNING] The resource http://localhost:3000/_next/static/css/app/layout.css?1780337048441 was preloaded using link preload but not used within a few seconds from the window's load event. Please make sure it has an appropriate `as` value and it is preloaded intentionally. @ http://localhost:3000/facturation-electronique:0
[  106182ms] [WARNING] The resource http://localhost:3000/_next/static/css/app/layout.css?1780337040509 was preloaded using link preload but not used within a few seconds from the window's load event. Please make sure it has an appropriate `as` value and it is preloaded intentionally. @ http://localhost:3000/facturation-electronique:0
[  106182ms] [WARNING] The resource http://localhost:3000/_next/static/css/app/facturation-electronique/page.css?1780337048442 was preloaded using link preload but not used within a few seconds from the window's load event. Please make sure it has an appropriate `as` value and it is preloaded intentionally. @ http://localhost:3000/facturation-electronique:0
[  106182ms] [WARNING] The resource http://localhost:3000/_next/static/css/app/facturation-electronique/layout.css?1780337029052 was preloaded using link preload but not used within a few seconds from the window's load event. Please make sure it has an appropriate `as` value and it is preloaded intentionally. @ http://localhost:3000/facturation-electronique:0
[  106182ms] [WARNING] The resource http://localhost:3000/_next/static/css/app/facturation-electronique/layout.css?1780337029051 was preloaded using link preload but not used within a few seconds from the window's load event. Please make sure it has an appropriate `as` value and it is preloaded intentionally. @ http://localhost:3000/facturation-electronique:0
[  106182ms] [WARNING] The resource http://localhost:3000/_next/static/css/app/layout.css?1780337021713 was preloaded using link preload but not used within a few seconds from the window's load event. Please make sure it has an appropriate `as` value and it is preloaded intentionally. @ http://localhost:3000/facturation-electronique:0
[  106182ms] [WARNING] The resource http://localhost:3000/_next/static/css/app/facturation-electronique/layout.css?1780337048435 was preloaded using link preload but not used within a few seconds from the window's load event. Please make sure it has an appropriate `as` value and it is preloaded intentionally. @ http://localhost:3000/facturation-electronique:0
[  106182ms] [WARNING] The resource http://localhost:3000/_next/static/css/app/layout.css?1780337034548 was preloaded using link preload but not used within a few seconds from the window's load event. Please make sure it has an appropriate `as` value and it is preloaded intentionally. @ http://localhost:3000/facturation-electronique:0
[  106182ms] [WARNING] The resource http://localhost:3000/_next/static/css/app/facturation-electronique/layout.css?1780337040509 was preloaded using link preload but not used within a few seconds from the window's load event. Please make sure it has an appropriate `as` value and it is preloaded intentionally. @ http://localhost:3000/facturation-electronique:0
[  106182ms] [WARNING] The resource http://localhost:3000/_next/static/css/app/layout.css?1780337048437 was preloaded using link preload but not used within a few seconds from the window's load event. Please make sure it has an appropriate `as` value and it is preloaded intentionally. @ http://localhost:3000/facturation-electronique:0
[  106182ms] [WARNING] The resource http://localhost:3000/_next/static/css/app/facturation-electronique/page.css?1780337040510 was preloaded using link preload but not used within a few seconds from the window's load event. Please make sure it has an appropriate `as` value and it is preloaded intentionally. @ http://localhost:3000/facturation-electronique:0
[  106182ms] [WARNING] The resource http://localhost:3000/_next/static/css/app/facturation-electronique/page.css?1780337029053 was preloaded using link preload but not used within a few seconds from the window's load event. Please make sure it has an appropriate `as` value and it is preloaded intentionally. @ http://localhost:3000/facturation-electronique:0
[  106182ms] [WARNING] The resource http://localhost:3000/_next/static/css/app/facturation-electronique/page.css?1780337044626 was preloaded using link preload but not used within a few seconds from the window's load event. Please make sure it has an appropriate `as` value and it is preloaded intentionally. @ http://localhost:3000/facturation-electronique:0
[  106182ms] [WARNING] The resource http://localhost:3000/_next/static/css/app/facturation-electronique/layout.css?1780337040506 was preloaded using link preload but not used within a few seconds from the window's load event. Please make sure it has an appropriate `as` value and it is preloaded intentionally. @ http://localhost:3000/facturation-electronique:0
[  106182ms] [WARNING] The resource http://localhost:3000/_next/static/css/app/facturation-electronique/page.css?1780337034547 was preloaded using link preload but not used within a few seconds from the window's load event. Please make sure it has an appropriate `as` value and it is preloaded intentionally. @ http://localhost:3000/facturation-electronique:0
[  106183ms] [WARNING] The resource http://localhost:3000/_next/static/css/app/facturation-electronique/layout.css?1780337048432 was preloaded using link preload but not used within a few seconds from the window's load event. Please make sure it has an appropriate `as` value and it is preloaded intentionally. @ http://localhost:3000/facturation-electronique:0
[  106183ms] [WARNING] The resource http://localhost:3000/_next/static/css/app/layout.css?1780337040510 was preloaded using link preload but not used within a few seconds from the window's load event. Please make sure it has an appropriate `as` value and it is preloaded intentionally. @ http://localhost:3000/facturation-electronique:0
[  106183ms] [WARNING] The resource http://localhost:3000/_next/static/css/app/facturation-electronique/layout.css?1780337034546 was preloaded using link preload but not used within a few seconds from the window's load event. Please make sure it has an appropriate `as` value and it is preloaded intentionally. @ http://localhost:3000/facturation-electronique:0
[  106183ms] [WARNING] The resource http://localhost:3000/_next/static/css/app/layout.css?1780337048439 was preloaded using link preload but not used within a few seconds from the window's load event. Please make sure it has an appropriate `as` value and it is preloaded intentionally. @ http://localhost:3000/facturation-electronique:0
[  106183ms] [WARNING] The resource http://localhost:3000/_next/static/css/app/facturation-electronique/layout.css?1780337034544 was preloaded using link preload but not used within a few seconds from the window's load event. Please make sure it has an appropriate `as` value and it is preloaded intentionally. @ http://localhost:3000/facturation-electronique:0
[  106183ms] [WARNING] The resource http://localhost:3000/_next/static/css/app/facturation-electronique/page.css?1780337044623 was preloaded using link preload but not used within a few seconds from the window's load event. Please make sure it has an appropriate `as` value and it is preloaded intentionally. @ http://localhost:3000/facturation-electronique:0
[  106183ms] [WARNING] The resource http://localhost:3000/_next/static/css/app/facturation-electronique/page.css?1780337044621 was preloaded using link preload but not used within a few seconds from the window's load event. Please make sure it has an appropriate `as` value and it is preloaded intentionally. @ http://localhost:3000/facturation-electronique:0
[  106183ms] [WARNING] The resource http://localhost:3000/_next/static/css/app/facturation-electronique/layout.css?1780337044622 was preloaded using link preload but not used within a few seconds from the window's load event. Please make sure it has an appropriate `as` value and it is preloaded intentionally. @ http://localhost:3000/facturation-electronique:0
[  106183ms] [WARNING] The resource http://localhost:3000/_next/static/css/app/facturation-electronique/page.css?1780337040508 was preloaded using link preload but not used within a few seconds from the window's load event. Please make sure it has an appropriate `as` value and it is preloaded intentionally. @ http://localhost:3000/facturation-electronique:0
[  106183ms] [WARNING] The resource http://localhost:3000/_next/static/css/app/facturation-electronique/page.css?1780337040511 was preloaded using link preload but not used within a few seconds from the window's load event. Please make sure it has an appropriate `as` value and it is preloaded intentionally. @ http://localhost:3000/facturation-electronique:0
[  106183ms] [WARNING] The resource http://localhost:3000/_next/static/css/app/layout.css?1780337044621 was preloaded using link preload but not used within a few seconds from the window's load event. Please make sure it has an appropriate `as` value and it is preloaded intentionally. @ http://localhost:3000/facturation-electronique:0
[  106183ms] [WARNING] The resource http://localhost:3000/_next/static/css/app/layout.css?1780337034546 was preloaded using link preload but not used within a few seconds from the window's load event. Please make sure it has an appropriate `as` value and it is preloaded intentionally. @ http://localhost:3000/facturation-electronique:0
[  106183ms] [WARNING] The resource http://localhost:3000/_next/static/css/app/facturation-electronique/layout.css?1780337040508 was preloaded using link preload but not used within a few seconds from the window's load event. Please make sure it has an appropriate `as` value and it is preloaded intentionally. @ http://localhost:3000/facturation-electronique:0
[  106183ms] [WARNING] The resource http://localhost:3000/_next/static/css/app/facturation-electronique/page.css?1780337048435 was preloaded using link preload but not used within a few seconds from the window's load event. Please make sure it has an appropriate `as` value and it is preloaded intentionally. @ http://localhost:3000/facturation-electronique:0
[  106183ms] [WARNING] The resource http://localhost:3000/_next/static/css/app/facturation-electronique/page.css?1780337048437 was preloaded using link preload but not used within a few seconds from the window's load event. Please make sure it has an appropriate `as` value and it is preloaded intentionally. @ http://localhost:3000/facturation-electronique:0
[  106183ms] [WARNING] The resource http://localhost:3000/_next/static/css/app/facturation-electronique/layout.css?1780337044620 was preloaded using link preload but not used within a few seconds from the window's load event. Please make sure it has an appropriate `as` value and it is preloaded intentionally. @ http://localhost:3000/facturation-electronique:0
[  106183ms] [WARNING] The resource http://localhost:3000/_next/static/css/app/facturation-electronique/layout.css?1780337034548 was preloaded using link preload but not used within a few seconds from the window's load event. Please make sure it has an appropriate `as` value and it is preloaded intentionally. @ http://localhost:3000/facturation-electronique:0
[  106183ms] [WARNING] The resource http://localhost:3000/_next/static/css/app/facturation-electronique/page.css?1780337040506 was preloaded using link preload but not used within a few seconds from the window's load event. Please make sure it has an appropriate `as` value and it is preloaded intentionally. @ http://localhost:3000/facturation-electronique:0
[  106183ms] [WARNING] The resource http://localhost:3000/_next/static/css/app/facturation-electronique/layout.css?1780337048437 was preloaded using link preload but not used within a few seconds from the window's load event. Please make sure it has an appropriate `as` value and it is preloaded intentionally. @ http://localhost:3000/facturation-electronique:0
[  106183ms] [WARNING] The resource http://localhost:3000/_next/static/css/app/layout.css?1780337040507 was preloaded using link preload but not used within a few seconds from the window's load event. Please make sure it has an appropriate `as` value and it is preloaded intentionally. @ http://localhost:3000/facturation-electronique:0
[  106183ms] [WARNING] The resource http://localhost:3000/_next/static/css/app/facturation-electronique/page.css?1780337044622 was preloaded using link preload but not used within a few seconds from the window's load event. Please make sure it has an appropriate `as` value and it is preloaded intentionally. @ http://localhost:3000/facturation-electronique:0
[  106183ms] [WARNING] The resource http://localhost:3000/_next/static/css/app/layout.css?1780337034544 was preloaded using link preload but not used within a few seconds from the window's load event. Please make sure it has an appropriate `as` value and it is preloaded intentionally. @ http://localhost:3000/facturation-electronique:0
[  106183ms] [WARNING] The resource http://localhost:3000/_next/static/css/app/layout.css?1780337044625 was preloaded using link preload but not used within a few seconds from the window's load event. Please make sure it has an appropriate `as` value and it is preloaded intentionally. @ http://localhost:3000/facturation-electronique:0
[  106183ms] [WARNING] The resource http://localhost:3000/_next/static/css/app/facturation-electronique/layout.css?1780337044626 was preloaded using link preload but not used within a few seconds from the window's load event. Please make sure it has an appropriate `as` value and it is preloaded intentionally. @ http://localhost:3000/facturation-electronique:0
[  106183ms] [WARNING] The resource http://localhost:3000/_next/static/css/app/layout.css?1780337048432 was preloaded using link preload but not used within a few seconds from the window's load event. Please make sure it has an appropriate `as` value and it is preloaded intentionally. @ http://localhost:3000/facturation-electronique:0
[  106183ms] [WARNING] The resource http://localhost:3000/_next/static/css/app/facturation-electronique/page.css?1780337048433 was preloaded using link preload but not used within a few seconds from the window's load event. Please make sure it has an appropriate `as` value and it is preloaded intentionally. @ http://localhost:3000/facturation-electronique:0
[  106184ms] [WARNING] The resource http://localhost:3000/_next/static/css/app/layout.css?1780337044624 was preloaded using link preload but not used within a few seconds from the window's load event. Please make sure it has an appropriate `as` value and it is preloaded intentionally. @ http://localhost:3000/facturation-electronique:0
[  106184ms] [WARNING] The resource http://localhost:3000/_next/static/css/app/facturation-electronique/layout.css?1780337048441 was preloaded using link preload but not used within a few seconds from the window's load event. Please make sure it has an appropriate `as` value and it is preloaded intentionally. @ http://localhost:3000/facturation-electronique:0
[  106184ms] [WARNING] The resource http://localhost:3000/_next/static/css/app/layout.css?1780337048436 was preloaded using link preload but not used within a few seconds from the window's load event. Please make sure it has an appropriate `as` value and it is preloaded intentionally. @ http://localhost:3000/facturation-electronique:0
[  106184ms] [WARNING] The resource http://localhost:3000/_next/static/css/app/layout.css?1780337029050 was preloaded using link preload but not used within a few seconds from the window's load event. Please make sure it has an appropriate `as` value and it is preloaded intentionally. @ http://localhost:3000/facturation-electronique:0
[  106184ms] [WARNING] The resource http://localhost:3000/_next/static/css/app/layout.css?1780337048434 was preloaded using link preload but not used within a few seconds from the window's load event. Please make sure it has an appropriate `as` value and it is preloaded intentionally. @ http://localhost:3000/facturation-electronique:0
[  106184ms] [WARNING] The resource http://localhost:3000/_next/static/css/app/facturation-electronique/page.css?1780337048440 was preloaded using link preload but not used within a few seconds from the window's load event. Please make sure it has an appropriate `as` value and it is preloaded intentionally. @ http://localhost:3000/facturation-electronique:0
[  106184ms] [WARNING] The resource http://localhost:3000/_next/static/css/app/facturation-electronique/page.css?1780337021715 was preloaded using link preload but not used within a few seconds from the window's load event. Please make sure it has an appropriate `as` value and it is preloaded intentionally. @ http://localhost:3000/facturation-electronique:0
[  106184ms] [WARNING] The resource http://localhost:3000/_next/static/css/app/facturation-electronique/layout.css?1780337044623 was preloaded using link preload but not used within a few seconds from the window's load event. Please make sure it has an appropriate `as` value and it is preloaded intentionally. @ http://localhost:3000/facturation-electronique:0
[  106184ms] [WARNING] The resource http://localhost:3000/_next/static/css/app/layout.css?1780337044620 was preloaded using link preload but not used within a few seconds from the window's load event. Please make sure it has an appropriate `as` value and it is preloaded intentionally. @ http://localhost:3000/facturation-electronique:0
[  106184ms] [WARNING] The resource http://localhost:3000/_next/static/css/app/facturation-electronique/page.css?1780337029051 was preloaded using link preload but not used within a few seconds from the window's load event. Please make sure it has an appropriate `as` value and it is preloaded intentionally. @ http://localhost:3000/facturation-electronique:0
[  106184ms] [WARNING] The resource http://localhost:3000/_next/static/css/app/facturation-electronique/page.css?1780337034549 was preloaded using link preload but not used within a few seconds from the window's load event. Please make sure it has an appropriate `as` value and it is preloaded intentionally. @ http://localhost:3000/facturation-electronique:0
[  106184ms] [WARNING] The resource http://localhost:3000/_next/static/css/app/facturation-electronique/layout.css?1780337048440 was preloaded using link preload but not used within a few seconds from the window's load event. Please make sure it has an appropriate `as` value and it is preloaded intentionally. @ http://localhost:3000/facturation-electronique:0
[  106184ms] [WARNING] The resource http://localhost:3000/_next/static/css/app/facturation-electronique/page.css?1780337044625 was preloaded using link preload but not used within a few seconds from the window's load event. Please make sure it has an appropriate `as` value and it is preloaded intentionally. @ http://localhost:3000/facturation-electronique:0
[  106184ms] [WARNING] The resource http://localhost:3000/_next/static/css/app/facturation-electronique/page.css?1780337048438 was preloaded using link preload but not used within a few seconds from the window's load event. Please make sure it has an appropriate `as` value and it is preloaded intentionally. @ http://localhost:3000/facturation-electronique:0
[  106184ms] [WARNING] The resource http://localhost:3000/_next/static/css/app/layout.css?1780337040505 was preloaded using link preload but not used within a few seconds from the window's load event. Please make sure it has an appropriate `as` value and it is preloaded intentionally. @ http://localhost:3000/facturation-electronique:0
[  106184ms] [WARNING] The resource http://localhost:3000/_next/static/css/app/facturation-electronique/layout.css?1780337048438 was preloaded using link preload but not used within a few seconds from the window's load event. Please make sure it has an appropriate `as` value and it is preloaded intentionally. @ http://localhost:3000/facturation-electronique:0
[  106184ms] [WARNING] The resource http://localhost:3000/_next/static/css/app/facturation-electronique/layout.css?1780337044624 was preloaded using link preload but not used within a few seconds from the window's load event. Please make sure it has an appropriate `as` value and it is preloaded intentionally. @ http://localhost:3000/facturation-electronique:0
[  106184ms] [WARNING] The resource http://localhost:3000/_next/static/css/app/facturation-electronique/page.css?1780337034545 was preloaded using link preload but not used within a few seconds from the window's load event. Please make sure it has an appropriate `as` value and it is preloaded intentionally. @ http://localhost:3000/facturation-electronique:0
[  106184ms] [WARNING] The resource http://localhost:3000/_next/static/css/app/facturation-electronique/layout.css?1780337021715 was preloaded using link preload but not used within a few seconds from the window's load event. Please make sure it has an appropriate `as` value and it is preloaded intentionally. @ http://localhost:3000/facturation-electronique:0
[  106184ms] [WARNING] The resource http://localhost:3000/_next/static/css/app/layout.css?1780337029052 was preloaded using link preload but not used within a few seconds from the window's load event. Please make sure it has an appropriate `as` value and it is preloaded intentionally. @ http://localhost:3000/facturation-electronique:0
[  106184ms] [WARNING] The resource http://localhost:3000/_next/static/css/app/facturation-electronique/layout.css?1780337040511 was preloaded using link preload but not used within a few seconds from the window's load event. Please make sure it has an appropriate `as` value and it is preloaded intentionally. @ http://localhost:3000/facturation-electronique:0
[  106184ms] [WARNING] The resource http://localhost:3000/_next/static/css/app/layout.css?1780337044623 was preloaded using link preload but not used within a few seconds from the window's load event. Please make sure it has an appropriate `as` value and it is preloaded intentionally. @ http://localhost:3000/facturation-electronique:0
