[     160ms] [ERROR] Refused to apply style from 'http://localhost:3000/_next/static/css/0b110a314a9a26d7.css' because its MIME type ('text/plain') is not a supported stylesheet MIME type, and strict MIME checking is enabled. @ http://localhost:3000/:0
[     164ms] [ERROR] Refused to apply style from 'http://localhost:3000/_next/static/css/7247e6eb6e00071b.css' because its MIME type ('text/plain') is not a supported stylesheet MIME type, and strict MIME checking is enabled. @ http://localhost:3000/:0
[     167ms] [ERROR] Failed to load resource: the server responded with a status of 404 (Not Found) @ http://localhost:3000/_next/static/chunks/webpack-48085723dbb472f2.js:0
[     167ms] [ERROR] Refused to execute script from 'http://localhost:3000/_next/static/chunks/webpack-48085723dbb472f2.js' because its MIME type ('text/plain') is not executable, and strict MIME type checking is enabled. @ http://localhost:3000/:1
[     169ms] [ERROR] Failed to load resource: the server responded with a status of 404 (Not Found) @ http://localhost:3000/_next/static/chunks/4bd1b696-100b9d70ed4e49c1.js:0
[     169ms] [ERROR] Refused to execute script from 'http://localhost:3000/_next/static/chunks/4bd1b696-100b9d70ed4e49c1.js' because its MIME type ('text/plain') is not executable, and strict MIME type checking is enabled. @ http://localhost:3000/:1
[     172ms] [ERROR] Failed to load resource: the server responded with a status of 404 (Not Found) @ http://localhost:3000/_next/static/chunks/1255-8befde0980f5cba9.js:0
[     172ms] [ERROR] Refused to execute script from 'http://localhost:3000/_next/static/chunks/1255-8befde0980f5cba9.js' because its MIME type ('text/plain') is not executable, and strict MIME type checking is enabled. @ http://localhost:3000/:1
[     197ms] [ERROR] Failed to load resource: the server responded with a status of 404 (Not Found) @ http://localhost:3000/_next/static/chunks/main-app-02568bf9f1930490.js:0
[     197ms] [ERROR] Refused to execute script from 'http://localhost:3000/_next/static/chunks/main-app-02568bf9f1930490.js' because its MIME type ('text/plain') is not executable, and strict MIME type checking is enabled. @ http://localhost:3000/:1
[     200ms] [ERROR] Failed to load resource: the server responded with a status of 404 (Not Found) @ http://localhost:3000/_next/static/chunks/2619-04bc32f026a0d946.js:0
[     200ms] [ERROR] Refused to execute script from 'http://localhost:3000/_next/static/chunks/2619-04bc32f026a0d946.js' because its MIME type ('text/plain') is not executable, and strict MIME type checking is enabled. @ http://localhost:3000/:1
[     202ms] [ERROR] Failed to load resource: the server responded with a status of 404 (Not Found) @ http://localhost:3000/_next/static/chunks/1356-0d58003c252d7874.js:0
[     202ms] [ERROR] Refused to execute script from 'http://localhost:3000/_next/static/chunks/1356-0d58003c252d7874.js' because its MIME type ('text/plain') is not executable, and strict MIME type checking is enabled. @ http://localhost:3000/:1
[     204ms] [ERROR] Failed to load resource: the server responded with a status of 404 (Not Found) @ http://localhost:3000/_next/static/chunks/1292-8f9cdd32727c9692.js:0
[     204ms] [ERROR] Refused to execute script from 'http://localhost:3000/_next/static/chunks/1292-8f9cdd32727c9692.js' because its MIME type ('text/plain') is not executable, and strict MIME type checking is enabled. @ http://localhost:3000/:1
[     207ms] [ERROR] Failed to load resource: the server responded with a status of 404 (Not Found) @ http://localhost:3000/_next/static/chunks/app/(public)/layout-a4c919743a3a4b8f.js:0
[     207ms] [ERROR] Refused to execute script from 'http://localhost:3000/_next/static/chunks/app/(public)/layout-a4c919743a3a4b8f.js' because its MIME type ('text/plain') is not executable, and strict MIME type checking is enabled. @ http://localhost:3000/:1
[     224ms] [ERROR] Failed to load resource: the server responded with a status of 404 (Not Found) @ http://localhost:3000/_next/static/chunks/4022-c11cf4374ef057e8.js:0
[     225ms] [ERROR] Refused to execute script from 'http://localhost:3000/_next/static/chunks/4022-c11cf4374ef057e8.js' because its MIME type ('text/plain') is not executable, and strict MIME type checking is enabled. @ http://localhost:3000/:1
[     227ms] [ERROR] Failed to load resource: the server responded with a status of 404 (Not Found) @ http://localhost:3000/_next/static/chunks/app/(public)/page-9fd3e64f67a4c7f0.js:0
[     228ms] [ERROR] Refused to execute script from 'http://localhost:3000/_next/static/chunks/app/(public)/page-9fd3e64f67a4c7f0.js' because its MIME type ('text/plain') is not executable, and strict MIME type checking is enabled. @ http://localhost:3000/:1
