[    4697ms] [INFO] %cDownload the React DevTools for a better development experience: https://react.dev/link/react-devtools font-weight:bold @ webpack-internal:///(app-pages-browser)/./node_modules/next/dist/compiled/react-dom/cjs/react-dom-client.development.js:25630
[    5297ms] [WARNING] Crisp: Missing NEXT_PUBLIC_CRISP_WEBSITE_ID in environment variables @ webpack-internal:///(app-pages-browser)/./src/components/site/CrispChat.tsx:17
[    5324ms] [WARNING] Crisp: Missing NEXT_PUBLIC_CRISP_WEBSITE_ID in environment variables @ webpack-internal:///(app-pages-browser)/./src/components/site/CrispChat.tsx:17
[   24917ms] [INFO] %cDownload the React DevTools for a better development experience: https://react.dev/link/react-devtools font-weight:bold @ webpack-internal:///(app-pages-browser)/./node_modules/next/dist/compiled/react-dom/cjs/react-dom-client.development.js:25630
[   53805ms] [LOG] [Fast Refresh] rebuilding @ webpack-internal:///(app-pages-browser)/./node_modules/next/dist/client/dev/hot-reloader/app/hot-reloader-app.js:196
[   56803ms] [LOG] [Fast Refresh] rebuilding @ webpack-internal:///(app-pages-browser)/./node_modules/next/dist/client/dev/hot-reloader/app/hot-reloader-app.js:196
[   59546ms] [LOG] [Fast Refresh] done in 2742ms @ webpack-internal:///(app-pages-browser)/./node_modules/next/dist/client/dev/report-hmr-latency.js:13
[   71361ms] [LOG] [Fast Refresh] done in 14557ms @ webpack-internal:///(app-pages-browser)/./node_modules/next/dist/client/dev/report-hmr-latency.js:13
[   71379ms] [LOG] [HMR] Detected local css modules. Reload all css @ webpack-internal:///(app-pages-browser)/./node_modules/next/dist/compiled/mini-css-extract-plugin/hmr/hotModuleReplacement.js:1
[   72598ms] [ERROR] Failed to load resource: the server responded with a status of 404 (Not Found) @ http://localhost:3000/resagp?_rsc=awc9c:0
[   80260ms] [INFO] %cDownload the React DevTools for a better development experience: https://react.dev/link/react-devtools font-weight:bold @ webpack-internal:///(app-pages-browser)/./node_modules/next/dist/compiled/react-dom/cjs/react-dom-client.development.js:25630
[  612835ms] [LOG] [Fast Refresh] rebuilding @ webpack-internal:///(app-pages-browser)/./node_modules/next/dist/client/dev/hot-reloader/app/hot-reloader-app.js:196
[  617120ms] [LOG] [Fast Refresh] done in 4286ms @ webpack-internal:///(app-pages-browser)/./node_modules/next/dist/client/dev/report-hmr-latency.js:13
[  621227ms] [LOG] [Fast Refresh] rebuilding @ webpack-internal:///(app-pages-browser)/./node_modules/next/dist/client/dev/hot-reloader/app/hot-reloader-app.js:196
[  622670ms] [LOG] [Fast Refresh] done in 1444ms @ webpack-internal:///(app-pages-browser)/./node_modules/next/dist/client/dev/report-hmr-latency.js:13
[  680357ms] [LOG] [Fast Refresh] rebuilding @ webpack-internal:///(app-pages-browser)/./node_modules/next/dist/client/dev/hot-reloader/app/hot-reloader-app.js:196
[  683082ms] [LOG] [Fast Refresh] rebuilding @ webpack-internal:///(app-pages-browser)/./node_modules/next/dist/client/dev/hot-reloader/app/hot-reloader-app.js:196
[  683162ms] [LOG] [Fast Refresh] done in 80ms @ webpack-internal:///(app-pages-browser)/./node_modules/next/dist/client/dev/report-hmr-latency.js:13
[  688371ms] [LOG] [Fast Refresh] done in 5289ms @ webpack-internal:///(app-pages-browser)/./node_modules/next/dist/client/dev/report-hmr-latency.js:13
[ 1089404ms] [LOG] [Fast Refresh] rebuilding @ webpack-internal:///(app-pages-browser)/./node_modules/next/dist/client/dev/hot-reloader/app/hot-reloader-app.js:196
[ 1093014ms] [LOG] [Fast Refresh] rebuilding @ webpack-internal:///(app-pages-browser)/./node_modules/next/dist/client/dev/hot-reloader/app/hot-reloader-app.js:196
[ 1093176ms] [LOG] [Fast Refresh] done in 162ms @ webpack-internal:///(app-pages-browser)/./node_modules/next/dist/client/dev/report-hmr-latency.js:13
[ 1098169ms] [LOG] [Fast Refresh] rebuilding @ webpack-internal:///(app-pages-browser)/./node_modules/next/dist/client/dev/hot-reloader/app/hot-reloader-app.js:196
[ 1098216ms] [LOG] [Fast Refresh] done in 48ms @ webpack-internal:///(app-pages-browser)/./node_modules/next/dist/client/dev/report-hmr-latency.js:13
[ 1100717ms] [LOG] [Fast Refresh] done in 2549ms @ webpack-internal:///(app-pages-browser)/./node_modules/next/dist/client/dev/report-hmr-latency.js:13
[ 1561407ms] [LOG] [Fast Refresh] rebuilding @ webpack-internal:///(app-pages-browser)/./node_modules/next/dist/client/dev/hot-reloader/app/hot-reloader-app.js:196
[ 1564528ms] [LOG] [Fast Refresh] rebuilding @ webpack-internal:///(app-pages-browser)/./node_modules/next/dist/client/dev/hot-reloader/app/hot-reloader-app.js:196
[ 1564599ms] [LOG] [Fast Refresh] done in 71ms @ webpack-internal:///(app-pages-browser)/./node_modules/next/dist/client/dev/report-hmr-latency.js:13
[ 1568609ms] [LOG] [Fast Refresh] done in 4081ms @ webpack-internal:///(app-pages-browser)/./node_modules/next/dist/client/dev/report-hmr-latency.js:13
[ 1575312ms] [LOG] [Fast Refresh] rebuilding @ webpack-internal:///(app-pages-browser)/./node_modules/next/dist/client/dev/hot-reloader/app/hot-reloader-app.js:196
[ 1576588ms] [LOG] [Fast Refresh] rebuilding @ webpack-internal:///(app-pages-browser)/./node_modules/next/dist/client/dev/hot-reloader/app/hot-reloader-app.js:196
[ 1576641ms] [LOG] [Fast Refresh] done in 53ms @ webpack-internal:///(app-pages-browser)/./node_modules/next/dist/client/dev/report-hmr-latency.js:13
[ 1579030ms] [LOG] [Fast Refresh] done in 2443ms @ webpack-internal:///(app-pages-browser)/./node_modules/next/dist/client/dev/report-hmr-latency.js:13
[ 1588197ms] [LOG] [Fast Refresh] rebuilding @ webpack-internal:///(app-pages-browser)/./node_modules/next/dist/client/dev/hot-reloader/app/hot-reloader-app.js:196
[ 1589359ms] [LOG] [Fast Refresh] rebuilding @ webpack-internal:///(app-pages-browser)/./node_modules/next/dist/client/dev/hot-reloader/app/hot-reloader-app.js:196
[ 1589441ms] [LOG] [Fast Refresh] done in 83ms @ webpack-internal:///(app-pages-browser)/./node_modules/next/dist/client/dev/report-hmr-latency.js:13
[ 1597463ms] [LOG] [Fast Refresh] done in 8104ms @ webpack-internal:///(app-pages-browser)/./node_modules/next/dist/client/dev/report-hmr-latency.js:13
[ 1600686ms] [LOG] [Fast Refresh] rebuilding @ webpack-internal:///(app-pages-browser)/./node_modules/next/dist/client/dev/hot-reloader/app/hot-reloader-app.js:196
[ 1601694ms] [LOG] [Fast Refresh] rebuilding @ webpack-internal:///(app-pages-browser)/./node_modules/next/dist/client/dev/hot-reloader/app/hot-reloader-app.js:196
[ 1601783ms] [LOG] [Fast Refresh] done in 89ms @ webpack-internal:///(app-pages-browser)/./node_modules/next/dist/client/dev/report-hmr-latency.js:13
[ 1604374ms] [LOG] [Fast Refresh] done in 2680ms @ webpack-internal:///(app-pages-browser)/./node_modules/next/dist/client/dev/report-hmr-latency.js:13
[ 1606811ms] [LOG] [Fast Refresh] rebuilding @ webpack-internal:///(app-pages-browser)/./node_modules/next/dist/client/dev/hot-reloader/app/hot-reloader-app.js:196
[ 1607880ms] [LOG] [Fast Refresh] rebuilding @ webpack-internal:///(app-pages-browser)/./node_modules/next/dist/client/dev/hot-reloader/app/hot-reloader-app.js:196
[ 1607914ms] [LOG] [Fast Refresh] done in 34ms @ webpack-internal:///(app-pages-browser)/./node_modules/next/dist/client/dev/report-hmr-latency.js:13
[ 1611224ms] [LOG] [Fast Refresh] done in 3345ms @ webpack-internal:///(app-pages-browser)/./node_modules/next/dist/client/dev/report-hmr-latency.js:13
[ 1611956ms] [LOG] [Fast Refresh] rebuilding @ webpack-internal:///(app-pages-browser)/./node_modules/next/dist/client/dev/hot-reloader/app/hot-reloader-app.js:196
[ 1613156ms] [LOG] [Fast Refresh] rebuilding @ webpack-internal:///(app-pages-browser)/./node_modules/next/dist/client/dev/hot-reloader/app/hot-reloader-app.js:196
[ 1613208ms] [LOG] [Fast Refresh] done in 51ms @ webpack-internal:///(app-pages-browser)/./node_modules/next/dist/client/dev/report-hmr-latency.js:13
[ 1614855ms] [LOG] [Fast Refresh] done in 1699ms @ webpack-internal:///(app-pages-browser)/./node_modules/next/dist/client/dev/report-hmr-latency.js:13
[ 1634233ms] [INFO] %cDownload the React DevTools for a better development experience: https://react.dev/link/react-devtools font-weight:bold @ webpack-internal:///(app-pages-browser)/./node_modules/next/dist/compiled/react-dom/cjs/react-dom-client.development.js:25630
[ 1638407ms] [LOG] [Fast Refresh] rebuilding @ webpack-internal:///(app-pages-browser)/./node_modules/next/dist/client/dev/hot-reloader/app/hot-reloader-app.js:196
[ 1647426ms] [LOG] [Fast Refresh] rebuilding @ webpack-internal:///(app-pages-browser)/./node_modules/next/dist/client/dev/hot-reloader/app/hot-reloader-app.js:196
[ 1647952ms] [LOG] [Fast Refresh] done in 526ms @ webpack-internal:///(app-pages-browser)/./node_modules/next/dist/client/dev/report-hmr-latency.js:13
[ 1647972ms] [LOG] [HMR] Detected local css modules. Reload all css @ webpack-internal:///(app-pages-browser)/./node_modules/next/dist/compiled/mini-css-extract-plugin/hmr/hotModuleReplacement.js:1
[ 1657736ms] [LOG] [Fast Refresh] done in 10310ms @ webpack-internal:///(app-pages-browser)/./node_modules/next/dist/client/dev/report-hmr-latency.js:13
[ 1938790ms] [LOG] [Fast Refresh] rebuilding @ webpack-internal:///(app-pages-browser)/./node_modules/next/dist/client/dev/hot-reloader/app/hot-reloader-app.js:196
[ 1944200ms] [LOG] [Fast Refresh] rebuilding @ webpack-internal:///(app-pages-browser)/./node_modules/next/dist/client/dev/hot-reloader/app/hot-reloader-app.js:196
[ 1944386ms] [LOG] [Fast Refresh] done in 185ms @ webpack-internal:///(app-pages-browser)/./node_modules/next/dist/client/dev/report-hmr-latency.js:13
[ 1970474ms] [LOG] [Fast Refresh] rebuilding @ webpack-internal:///(app-pages-browser)/./node_modules/next/dist/client/dev/hot-reloader/app/hot-reloader-app.js:196
[ 1970827ms] [LOG] [Fast Refresh] done in 352ms @ webpack-internal:///(app-pages-browser)/./node_modules/next/dist/client/dev/report-hmr-latency.js:13
[ 1984231ms] [LOG] [Fast Refresh] done in 13757ms @ webpack-internal:///(app-pages-browser)/./node_modules/next/dist/client/dev/report-hmr-latency.js:13
[ 1984239ms] [LOG] [HMR] Detected local css modules. Reload all css @ webpack-internal:///(app-pages-browser)/./node_modules/next/dist/compiled/mini-css-extract-plugin/hmr/hotModuleReplacement.js:1
[ 1987737ms] [WARNING] The resource http://localhost:3000/_next/static/css/app/resagp/page.css?1780352091857 was preloaded using link preload but not used within a few seconds from the window's load event. Please make sure it has an appropriate `as` value and it is preloaded intentionally. @ http://localhost:3000/resagp:0
[ 1987737ms] [WARNING] The resource http://localhost:3000/_next/static/css/app/layout.css?1780352091856 was preloaded using link preload but not used within a few seconds from the window's load event. Please make sure it has an appropriate `as` value and it is preloaded intentionally. @ http://localhost:3000/resagp:0
[ 1987737ms] [WARNING] The resource http://localhost:3000/_next/static/css/app/resagp/layout.css?1780352091857 was preloaded using link preload but not used within a few seconds from the window's load event. Please make sure it has an appropriate `as` value and it is preloaded intentionally. @ http://localhost:3000/resagp:0
[ 1991504ms] [INFO] %cDownload the React DevTools for a better development experience: https://react.dev/link/react-devtools font-weight:bold @ webpack-internal:///(app-pages-browser)/./node_modules/next/dist/compiled/react-dom/cjs/react-dom-client.development.js:25630
[ 2003587ms] [INFO] %cDownload the React DevTools for a better development experience: https://react.dev/link/react-devtools font-weight:bold @ webpack-internal:///(app-pages-browser)/./node_modules/next/dist/compiled/react-dom/cjs/react-dom-client.development.js:25630
[ 2041304ms] [LOG] [Fast Refresh] rebuilding @ webpack-internal:///(app-pages-browser)/./node_modules/next/dist/client/dev/hot-reloader/app/hot-reloader-app.js:196
[ 2043673ms] [LOG] [Fast Refresh] rebuilding @ webpack-internal:///(app-pages-browser)/./node_modules/next/dist/client/dev/hot-reloader/app/hot-reloader-app.js:196
[ 2043836ms] [LOG] [Fast Refresh] done in 162ms @ webpack-internal:///(app-pages-browser)/./node_modules/next/dist/client/dev/report-hmr-latency.js:13
[ 2049754ms] [LOG] [Fast Refresh] done in 6080ms @ webpack-internal:///(app-pages-browser)/./node_modules/next/dist/client/dev/report-hmr-latency.js:13
[ 2049761ms] [LOG] [HMR] Detected local css modules. Reload all css @ webpack-internal:///(app-pages-browser)/./node_modules/next/dist/compiled/mini-css-extract-plugin/hmr/hotModuleReplacement.js:1
[ 2052530ms] [LOG] [Fast Refresh] rebuilding @ webpack-internal:///(app-pages-browser)/./node_modules/next/dist/client/dev/hot-reloader/app/hot-reloader-app.js:196
[ 2054857ms] [LOG] [Fast Refresh] rebuilding @ webpack-internal:///(app-pages-browser)/./node_modules/next/dist/client/dev/hot-reloader/app/hot-reloader-app.js:196
[ 2055016ms] [LOG] [Fast Refresh] done in 160ms @ webpack-internal:///(app-pages-browser)/./node_modules/next/dist/client/dev/report-hmr-latency.js:13
[ 2069629ms] [LOG] [Fast Refresh] done in 14772ms @ webpack-internal:///(app-pages-browser)/./node_modules/next/dist/client/dev/report-hmr-latency.js:13
[ 2069636ms] [LOG] [HMR] Detected local css modules. Reload all css @ webpack-internal:///(app-pages-browser)/./node_modules/next/dist/compiled/mini-css-extract-plugin/hmr/hotModuleReplacement.js:1
[ 2077321ms] [WARNING] The resource http://localhost:3000/_next/static/css/app/resagp/page.css?1780352177253 was preloaded using link preload but not used within a few seconds from the window's load event. Please make sure it has an appropriate `as` value and it is preloaded intentionally. @ http://localhost:3000/resagp:0
[ 2077321ms] [WARNING] The resource http://localhost:3000/_next/static/css/app/resagp/layout.css?1780352177252 was preloaded using link preload but not used within a few seconds from the window's load event. Please make sure it has an appropriate `as` value and it is preloaded intentionally. @ http://localhost:3000/resagp:0
[ 2077322ms] [WARNING] The resource http://localhost:3000/_next/static/css/app/layout.css?1780352177252 was preloaded using link preload but not used within a few seconds from the window's load event. Please make sure it has an appropriate `as` value and it is preloaded intentionally. @ http://localhost:3000/resagp:0
[ 2089587ms] [LOG] [Fast Refresh] rebuilding @ webpack-internal:///(app-pages-browser)/./node_modules/next/dist/client/dev/hot-reloader/app/hot-reloader-app.js:196
[ 2096525ms] [LOG] [Fast Refresh] rebuilding @ webpack-internal:///(app-pages-browser)/./node_modules/next/dist/client/dev/hot-reloader/app/hot-reloader-app.js:196
[ 2096618ms] [LOG] [Fast Refresh] done in 93ms @ webpack-internal:///(app-pages-browser)/./node_modules/next/dist/client/dev/report-hmr-latency.js:13
[ 2099627ms] [WARNING] The resource http://localhost:3000/_next/static/css/app/resagp/page.css?1780352177253 was preloaded using link preload but not used within a few seconds from the window's load event. Please make sure it has an appropriate `as` value and it is preloaded intentionally. @ http://localhost:3000/resagp:0
[ 2099628ms] [WARNING] The resource http://localhost:3000/_next/static/css/app/resagp/layout.css?1780352177252 was preloaded using link preload but not used within a few seconds from the window's load event. Please make sure it has an appropriate `as` value and it is preloaded intentionally. @ http://localhost:3000/resagp:0
[ 2099628ms] [WARNING] The resource http://localhost:3000/_next/static/css/app/layout.css?1780352177252 was preloaded using link preload but not used within a few seconds from the window's load event. Please make sure it has an appropriate `as` value and it is preloaded intentionally. @ http://localhost:3000/resagp:0
[ 2107086ms] [LOG] [Fast Refresh] done in 10561ms @ webpack-internal:///(app-pages-browser)/./node_modules/next/dist/client/dev/report-hmr-latency.js:13
[ 2107090ms] [LOG] [HMR] Detected local css modules. Reload all css @ webpack-internal:///(app-pages-browser)/./node_modules/next/dist/compiled/mini-css-extract-plugin/hmr/hotModuleReplacement.js:1
[ 2113034ms] [WARNING] The resource http://localhost:3000/_next/static/css/app/resagp/page.css?1780352177253 was preloaded using link preload but not used within a few seconds from the window's load event. Please make sure it has an appropriate `as` value and it is preloaded intentionally. @ http://localhost:3000/resagp:0
[ 2113034ms] [WARNING] The resource http://localhost:3000/_next/static/css/app/resagp/page.css?1780352214710 was preloaded using link preload but not used within a few seconds from the window's load event. Please make sure it has an appropriate `as` value and it is preloaded intentionally. @ http://localhost:3000/resagp:0
[ 2113034ms] [WARNING] The resource http://localhost:3000/_next/static/css/app/resagp/layout.css?1780352214709 was preloaded using link preload but not used within a few seconds from the window's load event. Please make sure it has an appropriate `as` value and it is preloaded intentionally. @ http://localhost:3000/resagp:0
[ 2113034ms] [WARNING] The resource http://localhost:3000/_next/static/css/app/layout.css?1780352214706 was preloaded using link preload but not used within a few seconds from the window's load event. Please make sure it has an appropriate `as` value and it is preloaded intentionally. @ http://localhost:3000/resagp:0
[ 2113034ms] [WARNING] The resource http://localhost:3000/_next/static/css/app/resagp/page.css?1780352214708 was preloaded using link preload but not used within a few seconds from the window's load event. Please make sure it has an appropriate `as` value and it is preloaded intentionally. @ http://localhost:3000/resagp:0
[ 2113034ms] [WARNING] The resource http://localhost:3000/_next/static/css/app/layout.css?1780352214709 was preloaded using link preload but not used within a few seconds from the window's load event. Please make sure it has an appropriate `as` value and it is preloaded intentionally. @ http://localhost:3000/resagp:0
[ 2113034ms] [WARNING] The resource http://localhost:3000/_next/static/css/app/resagp/layout.css?1780352177252 was preloaded using link preload but not used within a few seconds from the window's load event. Please make sure it has an appropriate `as` value and it is preloaded intentionally. @ http://localhost:3000/resagp:0
[ 2113034ms] [WARNING] The resource http://localhost:3000/_next/static/css/app/resagp/layout.css?1780352214707 was preloaded using link preload but not used within a few seconds from the window's load event. Please make sure it has an appropriate `as` value and it is preloaded intentionally. @ http://localhost:3000/resagp:0
[ 2113034ms] [WARNING] The resource http://localhost:3000/_next/static/css/app/layout.css?1780352177252 was preloaded using link preload but not used within a few seconds from the window's load event. Please make sure it has an appropriate `as` value and it is preloaded intentionally. @ http://localhost:3000/resagp:0
[ 2251626ms] [LOG] [Fast Refresh] rebuilding @ webpack-internal:///(app-pages-browser)/./node_modules/next/dist/client/dev/hot-reloader/app/hot-reloader-app.js:196
[ 2257677ms] [LOG] [Fast Refresh] rebuilding @ webpack-internal:///(app-pages-browser)/./node_modules/next/dist/client/dev/hot-reloader/app/hot-reloader-app.js:196
[ 2257757ms] [LOG] [Fast Refresh] done in 79ms @ webpack-internal:///(app-pages-browser)/./node_modules/next/dist/client/dev/report-hmr-latency.js:13
[ 2260762ms] [WARNING] The resource http://localhost:3000/_next/static/css/app/resagp/page.css?1780352177253 was preloaded using link preload but not used within a few seconds from the window's load event. Please make sure it has an appropriate `as` value and it is preloaded intentionally. @ http://localhost:3000/resagp:0
[ 2260762ms] [WARNING] The resource http://localhost:3000/_next/static/css/app/resagp/page.css?1780352214710 was preloaded using link preload but not used within a few seconds from the window's load event. Please make sure it has an appropriate `as` value and it is preloaded intentionally. @ http://localhost:3000/resagp:0
[ 2260762ms] [WARNING] The resource http://localhost:3000/_next/static/css/app/resagp/layout.css?1780352214709 was preloaded using link preload but not used within a few seconds from the window's load event. Please make sure it has an appropriate `as` value and it is preloaded intentionally. @ http://localhost:3000/resagp:0
[ 2260762ms] [WARNING] The resource http://localhost:3000/_next/static/css/app/layout.css?1780352214706 was preloaded using link preload but not used within a few seconds from the window's load event. Please make sure it has an appropriate `as` value and it is preloaded intentionally. @ http://localhost:3000/resagp:0
[ 2260762ms] [WARNING] The resource http://localhost:3000/_next/static/css/app/resagp/page.css?1780352214708 was preloaded using link preload but not used within a few seconds from the window's load event. Please make sure it has an appropriate `as` value and it is preloaded intentionally. @ http://localhost:3000/resagp:0
[ 2260762ms] [WARNING] The resource http://localhost:3000/_next/static/css/app/layout.css?1780352214709 was preloaded using link preload but not used within a few seconds from the window's load event. Please make sure it has an appropriate `as` value and it is preloaded intentionally. @ http://localhost:3000/resagp:0
[ 2260762ms] [WARNING] The resource http://localhost:3000/_next/static/css/app/resagp/layout.css?1780352177252 was preloaded using link preload but not used within a few seconds from the window's load event. Please make sure it has an appropriate `as` value and it is preloaded intentionally. @ http://localhost:3000/resagp:0
[ 2260762ms] [WARNING] The resource http://localhost:3000/_next/static/css/app/resagp/layout.css?1780352214707 was preloaded using link preload but not used within a few seconds from the window's load event. Please make sure it has an appropriate `as` value and it is preloaded intentionally. @ http://localhost:3000/resagp:0
[ 2260762ms] [WARNING] The resource http://localhost:3000/_next/static/css/app/layout.css?1780352177252 was preloaded using link preload but not used within a few seconds from the window's load event. Please make sure it has an appropriate `as` value and it is preloaded intentionally. @ http://localhost:3000/resagp:0
[ 2279458ms] [LOG] [Fast Refresh] done in 21781ms @ webpack-internal:///(app-pages-browser)/./node_modules/next/dist/client/dev/report-hmr-latency.js:13
[ 2282465ms] [WARNING] The resource http://localhost:3000/_next/static/css/app/resagp/page.css?1780352177253 was preloaded using link preload but not used within a few seconds from the window's load event. Please make sure it has an appropriate `as` value and it is preloaded intentionally. @ http://localhost:3000/resagp:0
[ 2282466ms] [WARNING] The resource http://localhost:3000/_next/static/css/app/resagp/page.css?1780352214710 was preloaded using link preload but not used within a few seconds from the window's load event. Please make sure it has an appropriate `as` value and it is preloaded intentionally. @ http://localhost:3000/resagp:0
[ 2282466ms] [WARNING] The resource http://localhost:3000/_next/static/css/app/resagp/layout.css?1780352214709 was preloaded using link preload but not used within a few seconds from the window's load event. Please make sure it has an appropriate `as` value and it is preloaded intentionally. @ http://localhost:3000/resagp:0
[ 2282466ms] [WARNING] The resource http://localhost:3000/_next/static/css/app/layout.css?1780352214706 was preloaded using link preload but not used within a few seconds from the window's load event. Please make sure it has an appropriate `as` value and it is preloaded intentionally. @ http://localhost:3000/resagp:0
[ 2282466ms] [WARNING] The resource http://localhost:3000/_next/static/css/app/resagp/page.css?1780352214708 was preloaded using link preload but not used within a few seconds from the window's load event. Please make sure it has an appropriate `as` value and it is preloaded intentionally. @ http://localhost:3000/resagp:0
[ 2282466ms] [WARNING] The resource http://localhost:3000/_next/static/css/app/layout.css?1780352214709 was preloaded using link preload but not used within a few seconds from the window's load event. Please make sure it has an appropriate `as` value and it is preloaded intentionally. @ http://localhost:3000/resagp:0
[ 2282466ms] [WARNING] The resource http://localhost:3000/_next/static/css/app/resagp/layout.css?1780352177252 was preloaded using link preload but not used within a few seconds from the window's load event. Please make sure it has an appropriate `as` value and it is preloaded intentionally. @ http://localhost:3000/resagp:0
[ 2282466ms] [WARNING] The resource http://localhost:3000/_next/static/css/app/resagp/layout.css?1780352214707 was preloaded using link preload but not used within a few seconds from the window's load event. Please make sure it has an appropriate `as` value and it is preloaded intentionally. @ http://localhost:3000/resagp:0
[ 2282466ms] [WARNING] The resource http://localhost:3000/_next/static/css/app/layout.css?1780352177252 was preloaded using link preload but not used within a few seconds from the window's load event. Please make sure it has an appropriate `as` value and it is preloaded intentionally. @ http://localhost:3000/resagp:0
[ 2292009ms] [WARNING] The resource http://localhost:3000/_next/static/css/app/resagp/page.css?1780352177253 was preloaded using link preload but not used within a few seconds from the window's load event. Please make sure it has an appropriate `as` value and it is preloaded intentionally. @ http://localhost:3000/resagp:0
[ 2292009ms] [WARNING] The resource http://localhost:3000/_next/static/css/app/resagp/page.css?1780352214710 was preloaded using link preload but not used within a few seconds from the window's load event. Please make sure it has an appropriate `as` value and it is preloaded intentionally. @ http://localhost:3000/resagp:0
[ 2292009ms] [WARNING] The resource http://localhost:3000/_next/static/css/app/resagp/layout.css?1780352214709 was preloaded using link preload but not used within a few seconds from the window's load event. Please make sure it has an appropriate `as` value and it is preloaded intentionally. @ http://localhost:3000/resagp:0
[ 2292009ms] [WARNING] The resource http://localhost:3000/_next/static/css/app/layout.css?1780352214706 was preloaded using link preload but not used within a few seconds from the window's load event. Please make sure it has an appropriate `as` value and it is preloaded intentionally. @ http://localhost:3000/resagp:0
[ 2292009ms] [WARNING] The resource http://localhost:3000/_next/static/css/app/resagp/page.css?1780352214708 was preloaded using link preload but not used within a few seconds from the window's load event. Please make sure it has an appropriate `as` value and it is preloaded intentionally. @ http://localhost:3000/resagp:0
[ 2292009ms] [WARNING] The resource http://localhost:3000/_next/static/css/app/layout.css?1780352214709 was preloaded using link preload but not used within a few seconds from the window's load event. Please make sure it has an appropriate `as` value and it is preloaded intentionally. @ http://localhost:3000/resagp:0
[ 2292009ms] [WARNING] The resource http://localhost:3000/_next/static/css/app/resagp/layout.css?1780352177252 was preloaded using link preload but not used within a few seconds from the window's load event. Please make sure it has an appropriate `as` value and it is preloaded intentionally. @ http://localhost:3000/resagp:0
[ 2292009ms] [WARNING] The resource http://localhost:3000/_next/static/css/app/resagp/layout.css?1780352214707 was preloaded using link preload but not used within a few seconds from the window's load event. Please make sure it has an appropriate `as` value and it is preloaded intentionally. @ http://localhost:3000/resagp:0
[ 2292010ms] [WARNING] The resource http://localhost:3000/_next/static/css/app/layout.css?1780352177252 was preloaded using link preload but not used within a few seconds from the window's load event. Please make sure it has an appropriate `as` value and it is preloaded intentionally. @ http://localhost:3000/resagp:0
[ 2905145ms] [LOG] [Fast Refresh] rebuilding @ webpack-internal:///(app-pages-browser)/./node_modules/next/dist/client/dev/hot-reloader/app/hot-reloader-app.js:196
[ 2917733ms] [LOG] [Fast Refresh] rebuilding @ webpack-internal:///(app-pages-browser)/./node_modules/next/dist/client/dev/hot-reloader/app/hot-reloader-app.js:196
[ 2917948ms] [LOG] [Fast Refresh] done in 215ms @ webpack-internal:///(app-pages-browser)/./node_modules/next/dist/client/dev/report-hmr-latency.js:13
[ 2921047ms] [WARNING] The resource http://localhost:3000/_next/static/css/app/resagp/page.css?1780352177253 was preloaded using link preload but not used within a few seconds from the window's load event. Please make sure it has an appropriate `as` value and it is preloaded intentionally. @ http://localhost:3000/resagp:0
[ 2921053ms] [WARNING] The resource http://localhost:3000/_next/static/css/app/resagp/page.css?1780352214710 was preloaded using link preload but not used within a few seconds from the window's load event. Please make sure it has an appropriate `as` value and it is preloaded intentionally. @ http://localhost:3000/resagp:0
[ 2921053ms] [WARNING] The resource http://localhost:3000/_next/static/css/app/resagp/layout.css?1780352214709 was preloaded using link preload but not used within a few seconds from the window's load event. Please make sure it has an appropriate `as` value and it is preloaded intentionally. @ http://localhost:3000/resagp:0
[ 2921053ms] [WARNING] The resource http://localhost:3000/_next/static/css/app/layout.css?1780352214706 was preloaded using link preload but not used within a few seconds from the window's load event. Please make sure it has an appropriate `as` value and it is preloaded intentionally. @ http://localhost:3000/resagp:0
[ 2921054ms] [WARNING] The resource http://localhost:3000/_next/static/css/app/resagp/page.css?1780352214708 was preloaded using link preload but not used within a few seconds from the window's load event. Please make sure it has an appropriate `as` value and it is preloaded intentionally. @ http://localhost:3000/resagp:0
[ 2921054ms] [WARNING] The resource http://localhost:3000/_next/static/css/app/layout.css?1780352214709 was preloaded using link preload but not used within a few seconds from the window's load event. Please make sure it has an appropriate `as` value and it is preloaded intentionally. @ http://localhost:3000/resagp:0
[ 2921054ms] [WARNING] The resource http://localhost:3000/_next/static/css/app/resagp/layout.css?1780352177252 was preloaded using link preload but not used within a few seconds from the window's load event. Please make sure it has an appropriate `as` value and it is preloaded intentionally. @ http://localhost:3000/resagp:0
[ 2921057ms] [WARNING] The resource http://localhost:3000/_next/static/css/app/resagp/layout.css?1780352214707 was preloaded using link preload but not used within a few seconds from the window's load event. Please make sure it has an appropriate `as` value and it is preloaded intentionally. @ http://localhost:3000/resagp:0
[ 2921057ms] [WARNING] The resource http://localhost:3000/_next/static/css/app/layout.css?1780352177252 was preloaded using link preload but not used within a few seconds from the window's load event. Please make sure it has an appropriate `as` value and it is preloaded intentionally. @ http://localhost:3000/resagp:0
[ 2931408ms] [LOG] [Fast Refresh] done in 13675ms @ webpack-internal:///(app-pages-browser)/./node_modules/next/dist/client/dev/report-hmr-latency.js:13
[ 2934431ms] [WARNING] The resource http://localhost:3000/_next/static/css/app/resagp/page.css?1780352177253 was preloaded using link preload but not used within a few seconds from the window's load event. Please make sure it has an appropriate `as` value and it is preloaded intentionally. @ http://localhost:3000/resagp:0
[ 2934451ms] [WARNING] The resource http://localhost:3000/_next/static/css/app/resagp/page.css?1780352214710 was preloaded using link preload but not used within a few seconds from the window's load event. Please make sure it has an appropriate `as` value and it is preloaded intentionally. @ http://localhost:3000/resagp:0
[ 2934454ms] [WARNING] The resource http://localhost:3000/_next/static/css/app/resagp/layout.css?1780352214709 was preloaded using link preload but not used within a few seconds from the window's load event. Please make sure it has an appropriate `as` value and it is preloaded intentionally. @ http://localhost:3000/resagp:0
[ 2934456ms] [WARNING] The resource http://localhost:3000/_next/static/css/app/layout.css?1780352214706 was preloaded using link preload but not used within a few seconds from the window's load event. Please make sure it has an appropriate `as` value and it is preloaded intentionally. @ http://localhost:3000/resagp:0
[ 2934456ms] [WARNING] The resource http://localhost:3000/_next/static/css/app/resagp/page.css?1780352214708 was preloaded using link preload but not used within a few seconds from the window's load event. Please make sure it has an appropriate `as` value and it is preloaded intentionally. @ http://localhost:3000/resagp:0
[ 2934456ms] [WARNING] The resource http://localhost:3000/_next/static/css/app/layout.css?1780352214709 was preloaded using link preload but not used within a few seconds from the window's load event. Please make sure it has an appropriate `as` value and it is preloaded intentionally. @ http://localhost:3000/resagp:0
[ 2934456ms] [WARNING] The resource http://localhost:3000/_next/static/css/app/resagp/layout.css?1780352177252 was preloaded using link preload but not used within a few seconds from the window's load event. Please make sure it has an appropriate `as` value and it is preloaded intentionally. @ http://localhost:3000/resagp:0
[ 2934456ms] [WARNING] The resource http://localhost:3000/_next/static/css/app/resagp/layout.css?1780352214707 was preloaded using link preload but not used within a few seconds from the window's load event. Please make sure it has an appropriate `as` value and it is preloaded intentionally. @ http://localhost:3000/resagp:0
[ 2934456ms] [WARNING] The resource http://localhost:3000/_next/static/css/app/layout.css?1780352177252 was preloaded using link preload but not used within a few seconds from the window's load event. Please make sure it has an appropriate `as` value and it is preloaded intentionally. @ http://localhost:3000/resagp:0
[ 2939783ms] [WARNING] The resource http://localhost:3000/_next/static/css/app/resagp/page.css?1780352177253 was preloaded using link preload but not used within a few seconds from the window's load event. Please make sure it has an appropriate `as` value and it is preloaded intentionally. @ http://localhost:3000/resagp:0
[ 2939784ms] [WARNING] The resource http://localhost:3000/_next/static/css/app/resagp/page.css?1780352214710 was preloaded using link preload but not used within a few seconds from the window's load event. Please make sure it has an appropriate `as` value and it is preloaded intentionally. @ http://localhost:3000/resagp:0
[ 2939784ms] [WARNING] The resource http://localhost:3000/_next/static/css/app/resagp/layout.css?1780352214709 was preloaded using link preload but not used within a few seconds from the window's load event. Please make sure it has an appropriate `as` value and it is preloaded intentionally. @ http://localhost:3000/resagp:0
[ 2939784ms] [WARNING] The resource http://localhost:3000/_next/static/css/app/layout.css?1780352214706 was preloaded using link preload but not used within a few seconds from the window's load event. Please make sure it has an appropriate `as` value and it is preloaded intentionally. @ http://localhost:3000/resagp:0
[ 2939784ms] [WARNING] The resource http://localhost:3000/_next/static/css/app/resagp/page.css?1780352214708 was preloaded using link preload but not used within a few seconds from the window's load event. Please make sure it has an appropriate `as` value and it is preloaded intentionally. @ http://localhost:3000/resagp:0
[ 2939784ms] [WARNING] The resource http://localhost:3000/_next/static/css/app/layout.css?1780352214709 was preloaded using link preload but not used within a few seconds from the window's load event. Please make sure it has an appropriate `as` value and it is preloaded intentionally. @ http://localhost:3000/resagp:0
[ 2939784ms] [WARNING] The resource http://localhost:3000/_next/static/css/app/resagp/layout.css?1780352177252 was preloaded using link preload but not used within a few seconds from the window's load event. Please make sure it has an appropriate `as` value and it is preloaded intentionally. @ http://localhost:3000/resagp:0
[ 2939784ms] [WARNING] The resource http://localhost:3000/_next/static/css/app/resagp/layout.css?1780352214707 was preloaded using link preload but not used within a few seconds from the window's load event. Please make sure it has an appropriate `as` value and it is preloaded intentionally. @ http://localhost:3000/resagp:0
[ 2939784ms] [WARNING] The resource http://localhost:3000/_next/static/css/app/layout.css?1780352177252 was preloaded using link preload but not used within a few seconds from the window's load event. Please make sure it has an appropriate `as` value and it is preloaded intentionally. @ http://localhost:3000/resagp:0
[26935118ms] [INFO] %cDownload the React DevTools for a better development experience: https://react.dev/link/react-devtools font-weight:bold @ webpack-internal:///(app-pages-browser)/./node_modules/next/dist/compiled/react-dom/cjs/react-dom-client.development.js:25630
[26943153ms] [INFO] %cDownload the React DevTools for a better development experience: https://react.dev/link/react-devtools font-weight:bold @ webpack-internal:///(app-pages-browser)/./node_modules/next/dist/compiled/react-dom/cjs/react-dom-client.development.js:25630
[26947692ms] [WARNING] Crisp: Missing NEXT_PUBLIC_CRISP_WEBSITE_ID in environment variables @ webpack-internal:///(app-pages-browser)/./src/components/site/CrispChat.tsx:17
[26947692ms] [WARNING] Crisp: Missing NEXT_PUBLIC_CRISP_WEBSITE_ID in environment variables @ webpack-internal:///(app-pages-browser)/./src/components/site/CrispChat.tsx:17
[26980548ms] [LOG] [Fast Refresh] rebuilding @ webpack-internal:///(app-pages-browser)/./node_modules/next/dist/client/dev/hot-reloader/app/hot-reloader-app.js:196
[26996298ms] [LOG] [Fast Refresh] done in 15750ms @ webpack-internal:///(app-pages-browser)/./node_modules/next/dist/client/dev/report-hmr-latency.js:13
[26996578ms] [LOG] [Fast Refresh] rebuilding @ webpack-internal:///(app-pages-browser)/./node_modules/next/dist/client/dev/hot-reloader/app/hot-reloader-app.js:196
[27001800ms] [LOG] [Fast Refresh] done in 5221ms @ webpack-internal:///(app-pages-browser)/./node_modules/next/dist/client/dev/report-hmr-latency.js:13
[27027325ms] [LOG] [Fast Refresh] rebuilding @ webpack-internal:///(app-pages-browser)/./node_modules/next/dist/client/dev/hot-reloader/app/hot-reloader-app.js:196
[27030826ms] [LOG] [Fast Refresh] done in 3501ms @ webpack-internal:///(app-pages-browser)/./node_modules/next/dist/client/dev/report-hmr-latency.js:13
[27040841ms] [LOG] [Fast Refresh] rebuilding @ webpack-internal:///(app-pages-browser)/./node_modules/next/dist/client/dev/hot-reloader/app/hot-reloader-app.js:196
[27049153ms] [LOG] [Fast Refresh] rebuilding @ webpack-internal:///(app-pages-browser)/./node_modules/next/dist/client/dev/hot-reloader/app/hot-reloader-app.js:196
[27053735ms] [LOG] [Fast Refresh] done in 4581ms @ webpack-internal:///(app-pages-browser)/./node_modules/next/dist/client/dev/report-hmr-latency.js:13
[27067715ms] [LOG] [Fast Refresh] done in 18562ms @ webpack-internal:///(app-pages-browser)/./node_modules/next/dist/client/dev/report-hmr-latency.js:13
[27177948ms] [LOG] [Fast Refresh] rebuilding @ webpack-internal:///(app-pages-browser)/./node_modules/next/dist/client/dev/hot-reloader/app/hot-reloader-app.js:196
[27194986ms] [LOG] [Fast Refresh] done in 17038ms @ webpack-internal:///(app-pages-browser)/./node_modules/next/dist/client/dev/report-hmr-latency.js:13
